Case #1: [E, A]
Case #2: [R, I, R]
Case #3: [F, D, T]
Case #4: [Z, E, R, A]
Case #5: []
Case #6: [S, A, C, F, C, R, S, D]
Case #7: []
Case #8: [E, U, S, Q]
Case #9: [V, E, E, W, Q]
Case #10: []
Case #11: [S, F, D, D, H, A, R, S, F]
Case #12: [F, Q, E, Q, A, W, W, D, P]
Case #13: [G, F, S, Q, S]
Case #14: [R, E, Q, F, I, S, R, S, W]
Case #15: [S, Q, S, F, E, S, W, D, J]
Case #16: [Q, E, R, D, Q, Q, D, W, X]
Case #17: [S, R]
Case #18: [W, A, S, Q, F, N, D, S, W]
Case #19: [E]
Case #20: [P, E]
Case #21: []
Case #22: [E, R, D, B]
Case #23: [D]
Case #24: []
Case #25: [N, S, E, F, D, S, E, R, D]
Case #26: [D, D, N]
Case #27: [O]
Case #28: [F, C, Q, R, R, D, E, F, S]
Case #29: [R, R, V, W, Q, F, A, A, F]
Case #30: [J, E, D, D, A, D, E, W, Q]
Case #31: [Q, F, D, E, N, A, R, E, D]
Case #32: [F, W, E, W, W, R, G, W, R]
Case #33: [A]
Case #34: [D, R, P, P, S]
Case #35: [D, E, A, F, D, E, A, R, S]
Case #36: [E, D]
Case #37: [Q, A]
Case #38: []
Case #39: [E, Q, R, E, Q, E, T, Q, F]
Case #40: [F, W, P, W, F, R, A, S, Q]
Case #41: [G, S, F, F, F, F, Q, Q, A]
Case #42: [D, E, R, Q, W, R, D]
Case #43: [Q]
Case #44: [X, Q, E, E, R, E, D, R, F]
Case #45: []
Case #46: [S]
Case #47: [Q, W, S, R, T, W, S, E, D]
Case #48: [Q, Q, W, E, R, G, D, F, S]
Case #49: [D, D, R, S, I, Q, W, S, D]
Case #50: [D, F, S, S]
Case #51: [F, S, Q]
Case #52: [A, D]
Case #53: [F, Q, F, G, E, E, R, D, W]
Case #54: [D, S]
Case #55: [A, W, R, R, W, L, Q, S, W]
Case #56: [S, W, A, A, S]
Case #57: [S]
Case #58: [A, W, A, R, E, N, E, S, S]
Case #59: [S, C, R, A, F, A, Q, R, E]
Case #60: [W, Q, A, S, N]
Case #61: [A, A, A, A, A, A, A, A, A, A]
Case #62: [S, W, R, B, W, F, W, S, W]
Case #63: [I, F, E, A, R, W, F, D, D]
Case #64: [D, R, E, S, R, S, C, D, E]
Case #65: [R, D]
Case #66: [R, D, D, D, D]
Case #67: [F, Q, Q, I, F, W, D, D, Q]
Case #68: [R, R, W, A, W, D, O, W, A]
Case #69: [H, Q, W, F, A, S, F, R, R]
Case #70: [T, S, R, W, A, S, A, E, S]
Case #71: [F, S]
Case #72: [Q, N]
Case #73: [E, E, A, S, F, S, P, D, E]
Case #74: []
Case #75: [W, D, F, S, U, D, S, E, A]
Case #76: [W, W, S, F, T, F, Q, F, E]
Case #77: [S, A, F, S, R, W]
Case #78: [F, G, R, Q, G, D, F, W]
Case #79: [W, S, W, R, S, E, Q, S, I]
Case #80: [A, A, M, S, W, F]
Case #81: []
Case #82: [E, W, W, D, R, E, O, O]
Case #83: [Z, Z, Z, Z, Z]
Case #84: [S]
Case #85: []
Case #86: [F]
Case #87: [D, Q, G]
Case #88: [S, E, D, F, I, I]
Case #89: [Q, D, R, R, E, D, Q, U, D]
Case #90: [A, W, M, F, A, Q, A, Q, A]
Case #91: [S, I, D, A, S, W, D, R, Q]
Case #92: [Q, S, F, A, R, L, R, W, F]
Case #93: [E, D, F, F]
Case #94: [A, W, W, A, Q, A, S, Y, A]
Case #95: [H, W, A, W, S, D, S, S, E]
Case #96: [F, A, A, X, S, E, W, D, W]
Case #97: [E, W, Q, D, W, R, U, D, R]
Case #98: [Y, E, F, A, W, E, S, E, W]
Case #99: [S, A, C, S, Q, Q, R, A, A]
Case #100: [E, Y, Q, E, R, Q, Q, A, S]
