Case #1: [E, A]
Case #2: [R, I, R]
Case #3: [F, D, T]
Case #4: [Z, E, R, A]
Case #5: []
Case #6: [X, A, W, E, F, W, W, X]
Case #7: [W, N, Q, D, N, Q, E, Q]
Case #8: [B, W]
Case #9: [A, W, Q, S, D, E, F, V, E]
Case #10: [A, F, R, Q, G]
Case #11: [Q, F, F, S, F, S, E, I, E]
Case #12: [C, A, S, S, W, A, D]
Case #13: [C, W, A, S, F, R]
Case #14: [A, K, A, A]
Case #15: [E, F, W, W, E, V, F, R, Q]
Case #16: [D, E]
Case #17: [F]
Case #18: [W, Q, W, E, S, D, M, D, D]
Case #19: [N, F]
Case #20: [Q, W, D, W, W, R, K]
Case #21: [E, Z, D, Q, E, D, E]
Case #22: [W, D, Y, A, D]
Case #23: [F, R, U, R, Q, D, F, S, F]
Case #24: [W, R, W, Q]
Case #25: [P, R, W, R, W, F, S, R, E]
Case #26: [R, W, T, W, W, E, A, D, E]
Case #27: [E, D]
Case #28: [X, E, F, D, R, W]
Case #29: [Q, C, W, E, A, D, R, D, Q]
Case #30: [Z, Z, Z, Z, Z]
Case #31: [X, D, E, F, F, S, E, D, A]
Case #32: [A, A, M, S, R, D, E, F, S]
Case #33: [Q, F, K, S, R, S]
Case #34: [R, S, W, Q, W, U, D, U]
Case #35: [F, S, L, S, A, A, A, A, F]
Case #36: [F, X, R, F, F, D, W, W, W]
Case #37: [W, F, R, W, R, A, Q, X, R]
Case #38: [W, F, O, R, S, F, W]
Case #39: [R, S, G, E, A, W, E, S, E]
Case #40: [C, S, Q, W, S, S, C, Q]
Case #41: [F]
Case #42: [E, L, F, W, W, F, Q, E, Q]
Case #43: [S, E, S, F, W, R, N, A, E]
Case #44: [G, W, F, D, S, F, Q, D, D]
Case #45: [E, A, W, Q, A, R, K, A, Q]
Case #46: [E, E, E, W, W, R, E, Z, D]
Case #47: [U, Q, A, A, Q, U, D, Q]
Case #48: [Z, A, R, W, W, F, Q]
Case #49: [D, E, A, F, D, E, A, R, S]
Case #50: [A, U, W, Q, S, E, A, Q, R]
Case #51: []
Case #52: [W, K, E, S, E, Q, W, W, S]
Case #53: [E, S, Q, E, A, F, I, W, W]
Case #54: [W, E, A, W, H, Q, A, S, S]
Case #55: [D, R, P, P, S]
Case #56: [I, A, W, Q, E]
Case #57: [W, Y, E, D]
Case #58: [E, D, J, A, R, Q, Q, Q, S]
Case #59: [P, R, W, Q, P]
Case #60: [W, N, R, R, D, R, S]
Case #61: [D, D, D, Y, W, Q, Y, R]
Case #62: [R, A, F, A, A]
Case #63: [R, A, R, S, R, N, A, W, F]
Case #64: [S, R, E, E, S, L, W, R, E]
Case #65: [E, D, F, Z, Z, W, A, W]
Case #66: [S, D, S, W, F]
Case #67: [Y, E, F, W, W]
Case #68: [A, W, A, R, E, N, E, S, S]
Case #69: [S, R, M, E, F, R, E, F, S]
Case #70: [R, E, U, A, F, R, E, F, S]
Case #71: [W, Q, A, W, E, I, S, R, Q]
Case #72: [W, Q, A, N, N, D, Q, W]
Case #73: [Y, F, R, F, Y, F]
Case #74: [E, Y, W, F, S, F, W, E, F]
Case #75: [Q, H, H, S, D, A, Q, F]
Case #76: [S, S, S, E, O, D, W, W, D]
Case #77: [R, E, E, G, R, A, Q, A, A]
Case #78: [F, A, T, A, E, S, F, R, S]
Case #79: [W, D, R, D, E, I, E]
Case #80: [S, G, Q, D, D, R, R, S, R]
Case #81: [X, R, Q, D, F, X, F, D]
Case #82: [D, W, J, Q, D, D, A, F, S]
Case #83: [F, R, D, R, R]
Case #84: [D, W, F, S, Y, Q]
Case #85: [S, Q, F]
Case #86: [S, F, W, W, M]
Case #87: [W, F, W, F, E, R, U, W, S]
Case #88: [E, W, W, A, Q, G, S, E, W]
Case #89: [Q, S, E, A, Q, N, E, E, R]
Case #90: [Q, Q, W, E, R, G, D, F, S]
Case #91: [Q, Q, S, F, E, R, S, T, Q]
Case #92: [L]
Case #93: [S, F, D, A, Z, F, S, S, F]
Case #94: [C, D, W, E, D, A, D, S, S]
Case #95: [R, D, E, C, W, W]
Case #96: [A, A, A, A, A, A, A, A, A, A]
Case #97: [S, K, F, E, F, E, Q, F, E]
Case #98: [K, S, E, R, W, R, D, F, F]
Case #99: [A, J, D, R, F, Q]
Case #100: []
