Case #1: NENNW
Case #2: NWNNE
Case #3: NNNNNWNNNNNNNNEEEEEE
Case #4: NNNNNWNEEENNNNEEEEEE
Case #5: NWNNNWNEEENNNNEEEEEE
Case #6: NWNNNWNEEENNNNEEEEEE
Case #7: SSSSSSSSSSSSNNEEEEEE
Case #8: WWWWWWWWSSSSNNEEEEEE
Case #9: SEWSSSWWWWWWNNEEEEEE
Case #10: SWWSSSWWWWWWNNEEEEEE
Case #11: ENNNESWNNNNEEEEEEEEE
Case #12: NENNWNNNNNNNNEEEEEEE
Case #13: NNNNENEEENNNNEEEEEEE
Case #14: NNWNENEEENNNNEEEEEEE
Case #15: SSSSSWSESSEEEEEEEEEE
Case #16: SEWSSWSESSEEEEEEEEEE
Case #17: SSSSWSSWWWWEEEEEEEEE
Case #18: EEEEEEEEEWWEEEEEEEEE
Case #19: SSSSSESSSSEEEWEEEEEE
Case #20: NNESSESSSSEEEWEEEEEE
Case #21: WNESSESSSSEEEWEEEEEE
Case #22: WNNNNNNNNNNEWWWEEEEE
Case #23: ENENWNNNNNNEWWWEEEEE
Case #24: ENENWNNNNNNEWWWEEEEE
Case #25: SSSSSSSSSSSWSSSEEEEE
Case #26: SSESSSSSSSSWSSSEEEEE
Case #27: ESSSSSESWSSSSSSEEEEE
Case #28: ESSSSSSWSSSSSEEEEEEE
Case #29: SSSSSSSWSSSSSEEEEEEE
Case #30: SSSSSESSSSSSSSWWWWWW
Case #31: SESWSSSSSWWSSSWWWWWW
Case #32: SSSWSSWWWWEWWWWWWWWW
Case #33: SSNWSSWWWWEWWWWWWWWW
Case #34: EEEEEEEEWWEEEWWWWWWW
Case #35: ENNNNNNEWWEEEEEEWWWW
Case #36: SSWNNNNEWWEEEEEEWWWW
Case #37: WNENNNNEWWEEEEEEWWWW
Case #38: NNNNNNNENEEWEEEEWWWW
Case #39: WSNNNNNENEEWEEEEWWWW
Case #40: ENNNNNNNNNNNWNEEWWWW
Case #41: SSWSSESSSEEEEEEEWWWW
Case #42: SSSESSSSSSSEEEWEEEEW
Case #43: WWSEWWWWSSSEEEWEEEEW
Case #44: ESSEWWWWSSSEEEWEEEEW
Case #45: SSSSSSESSSSWSSWWEEEW
Case #46: SSWSSSSSSSSESSWWEEEW
Case #47: SSESWSSSSWWWWWWWEEEW
Case #48: NEEEWWEEEEWWWWWWEEEW
Case #49: EEEWNNNNNNNEEEWWEEEW
Case #50: ESSSSSSSSSSSSSWEEEEE
