Case #1: 0 1
Case #2: 0 2
Case #3: 1 2
Case #4: 2 4
Case #5: 5 2
Case #6: 1 16
Case #7: 0 35
Case #8: 1 2
Case #9: 3 28
Case #10: 0 13
Case #11: 0 2
Case #12: 34 1
Case #13: 3 17
Case #14: 3 21
Case #15: 10 17
Case #16: 15 17
Case #17: 6 11
Case #18: 3 14
Case #19: 3 18
Case #20: 12 18
Case #21: 3 17
Case #22: 11 21
Case #23: 3 26
Case #24: 3 31
Case #25: 3 15
Case #26: 3 14
Case #27: 8 17
Case #28: 2 12
Case #29: 11 19
Case #30: 3 28
Case #31: 9 14
Case #32: 3 17
Case #33: 3 15
Case #34: 3 24
Case #35: 3 14
Case #36: 9 15
Case #37: 3 29
Case #38: 3 15
Case #39: 1 2
Case #40: 7 23
Case #41: 6 12
Case #42: 0 11
Case #43: 9 23
Case #44: 7 14
Case #45: 1 12
Case #46: 1 8
Case #47: 1 27
Case #48: 0 18
Case #49: 2 7
Case #50: 0 1
