Case #1: 0 0
Case #2: 6 2
Case #3: 8 4
Case #4: 8 5
Case #5: 6 4
Case #6: 5 3
Case #7: 0 0
Case #8: 6 0
Case #9: 3 1
Case #10: 6 1
Case #11: 3 2
Case #12: 9 9
Case #13: 7 1
Case #14: 4 2
Case #15: 0 0
Case #16: 9 3
Case #17: 10 4
Case #18: 5 0
Case #19: 10 10
Case #20: 6 6
Case #21: 0 0
Case #22: 0 0
Case #23: 10 10
Case #24: 7 5
Case #25: 7 0
Case #26: 0 0
Case #27: 0 0
Case #28: 6 2
Case #29: 3 2
Case #30: 0 0
Case #31: 1 1
Case #32: 0 0
Case #33: 0 0
Case #34: 8 2
Case #35: 6 0
Case #36: 2 2
Case #37: 1 0
Case #38: 4 1
Case #39: 8 3
Case #40: 9 2
Case #41: 0 0
Case #42: 8 4
Case #43: 9 4
Case #44: 10 10
Case #45: 0 0
Case #46: 8 2
Case #47: 7 4
Case #48: 2 0
Case #49: 5 3
Case #50: 9 9
