Case #1: IMPOSSIBLE
Case #2: abacac
Case #3: adbecbbeeabdaaeefbfefaafefcbceaaaaaadaaa
Case #4: IMPOSSIBLE
Case #5: cdefaabdaaaaebcfbddefaecdaceeafced
Case #6: fcadacdaebbcaedddffaaf
Case #7: fffffcaffffffffffffffffffffffffffffffffffffffffffffffffffffffffffffffbffffeffffffffffbcfdfbffdafafaf
Case #8: fdfeefcaafecebfddacefbfaaeccdfcbbbbe
Case #9: abcd
Case #10: cbbfbfabfebaafabefabbeddeccfccabbdeccbbfddadfec
Case #11: ffffffffffffffffffffffffffffffffffffffffffffffffffffffffffffffffffffffffffffffffffffffffffffffffffff
Case #12: affbefadfbeafbccdfbbafbdcbaaddadebadabbeaaaeeaeaddaccb
Case #13: aabcaacaaaeaaadaaadaafd
Case #14: daacfdcdcafaffcbffdcacabdcaacffdbcaadaccbdcfacadadecdcdeecabedddacecabeabadecdceecfebdcafcadbddbbd
Case #15: IMPOSSIBLE
Case #16: IMPOSSIBLE
Case #17: aaabadaaaaaaaaaaeaaaaaaaaaaaaebaadabaaabcfddaaaa
Case #18: cfbaafcaabdaafaeafffeabbdfdddcbeadba
Case #19: IMPOSSIBLE
Case #20: abcd
