885771361
470126129
628373083
712819619
738063417
766339678
731737014
790760330
234544882
176517606
882253908
569259240
855016335
948647591
965177215
272931039
226677104
466076272
960914935
556093487
498526457
849770542
154333467
955068805
78276263
909020226
628967582
311189275
997753641
493431289
664499794
914415281
596982931
89998424
521536796
546275183
655038903
728589336
981764694
82385657
137189149
752808523
846687843
244827877
635711085
574729341
792441723
35609048
669203517
103589633
601759741
4046961
919322773
494457229
276974519
33580997
585403758
919735874
958146412
853692035
298973434
163410652
495236014
936556659
164189786
952176377
285550392
662749399
981982417
521041767
468077695
140016532
440179434
654143801
472235568
480020406
339873792
740243093
837199434
48848978
514900866
31911015
824244339
478344616
239461291
346711994
641578759
522658035
619095621
823217034
505242242
712099494
486520652
480708943
869049471
727761970
899532659
717981785
88240385
358599940
579729742
259901036
304059341
933287735
478344616
97110411
420359049
27874538
946834112
470472657
943084442
655153099
322650563
440315365
152455607
218988950
549439399
276097118
615842675
813633829
523553409
596390429
452447018
511412628
16610130
68209769
589002447
206075344
47088564
537424113
952630345
652887853
655376733
565657016
325460923
223365475
652490160
497072117
504043675
31015671
683110476
675968521
138216185
42014462
908454876
435806618
396074279
859447356
729403249
232216628
760173927
312572952
31566271
177949130
455186474
521237828
624236850
751926518
727761970
261099576
605672026
309569495
941306094
770884902
706679174
20457210
282861540
724352807
577764769
853692035
593710741
425728730
85952023
851863400
984333755
929155579
802434747
234881024
178548866
323701669
396825891
541755558
650744097
926072578
503597942
972827504
200758646
487354357
451874544
879526305
897769429
829076797
309160175
122065633
382281173
586299682
834446604
245979050
950114097
580091753
416357447
382364348
2310776
201807586
455320223
67690882
685198244
170318420
929670825
491642689
420611188
801453453
14658219
603467960
410801795
965257441
251067492
634608241
505628801
963402548
833225948
93281917
783783022
440312809
883733296
311016562
661953299
668619361
531827782
752075428
4392000
780625279
771405887
546601834
747125992
962229565
599473138
5022578
478139429
609452872
79234997
172322986
944941091
53600901
816464114
784932484
184574932
682962685
781699810
290799390
151197172
561830940
799857027
870716008
637178366
779773000
937353268
471279948
596719823
152069461
221590695
804804835
146384747
949720352
984774950
437757790
74830833
800778841
421356219
136257332
917306386
509397531
528802470
349674412
418506410
633428742
961874598
304042510
305466911
182827296
920962375
795354202
993794032
256286863
311189275
774649019
654468106
93545118
715886196
85461661
799623225
166253887
151197172
190596789
41175325
202559734
64511797
926340095
650228616
332974773
746682416
614042934
734961703
101031472
492776383
785505350
326082801
560897250
835347819
473791562
733874944
287103815
595369412
157072878
310620609
759213508
316070116
687110763
719798072
351297200
60962788
830211805
766117913
958695311
271779288
272140316
154216869
482512643
616040515
793781148
885390932
945067423
715578864
905474869
360590352
879827904
65850848
241142248
65700051
858503980
799857027
476107350
316349294
593864901
772069066
427113465
321601728
273007100
18002321
174433553
37099756
103157110
124370323
630545847
108400418
638132870
209131563
975061883
711139855
978478900
819687420
673640792
411325146
238840886
232089676
751508004
565328034
605311005
923785945
884713089
701136597
33974750
588855573
67722442
278536143
121685504
972447542
219670390
516894414
94014698
374603261
705432488
545443048
216880065
646007485
445501554
473411938
900768123
520122306
517569493
767643852
27116074
540369464
637004762
768349782
9165904
249953746
50053863
873440836
540369464
893175564
262786898
2310776
99402588
419063729
214375728
788408580
456713034
828594682
542178029
833708059
978991099
413746675
223963657
148174842
432241250
822600904
461944802
661298071
364054334
637004762
364396398
556379462
90571650
18153223
212636834
93141974
917274188
889599818
298237082
71165265
140770358
559389122
513371025
98438889
857437189
664909776
506072873
716936129
905474869
339755703
485877774
492472710
318687645
431991400
255641749
495975651
137169635
810736668
383591745
465468379
167855434
120621325
258282583
60371660
536896608
514064443
590907337
770624948
590215081
882193826
596699633
136252301
293110359
84040151
106278092
516514709
883494711
704
32657435
644824913
935181015
474208201
57724949
315552092
234943089
462519061
325736517
440106744
122914948
124023810
587200772
543377322
335865067
676160544
514064443
87511359
293898897
957981030
246355300
209405283
951347325
295723471
122127281
144
858297727
365925126
891122913
542541646
456924845
968123826
84662551
465468379
556741698
714625512
801779988
753790527
484901195
692505928
874586031
619490528
492079972
806375714
395933099
947818773
305649188
525324768
615188076
893986065
677941091
351055687
887627844
620246964
474368362
403439354
3097380
995590248
87530391
99707838
838673716
288121871
694985136
430533656
583351240
373492740
332378302
257309735
261774578
109206607
558754251
351341139
732403648
639680523
921247214
821958664
252016025
155525027
822158183
4868242
535943378
475389959
334341531
493453543
169381924
298237082
961413077
10105465
949233614
649860001
77029620
129403934
759517877
702964262
217366265
226157103
830313310
167269544
909020683
5
836545843
61472981
531945019
893589432
405860766
63905498
162626655
125370228
494324168
379482984
248655396
880790617
567854783
720653272
440090807
289826003
480147815
687478244
215290313
507724499
831606342
422217173
702673875
159854530
759027770
397102444
271955769
353211264
872048979
680460251
742156241
385156345
703688109
26137508
506352411
475870450
991941746
775266572
654645095
869827732
441049301
407061072
414904292
478737463
210569691
701136597
299986697
607889784
387596866
8182393
286143066
830191900
731388429
67460432
713807127
42306355
717468834
666107526
517879888
966884507
729757085
151658050
951910368
260567420
632826951
953279178
816193821
308550172
880974058
731830259
555657415
524805727
750785733
270940957
987984200
837306319
991575098
80935762
483580460
274284820
932824386
264078669
877089665
783502631
441251709
242980441
508287452
539976094
20266838
856387258
213509848
787971322
784367071
57935536
145909189
241357420
288184462
952273818
427552410
75396
897039848
825095082
124098656
739912860
253451404
774061353
820303930
147102603
204555604
745198813
192249978
377889492
514410667
841023929
953162955
451993504
647324469
314465065
953946900
420359049
650412188
527503596
327890306
927002898
786478308
141103473
278330791
810479036
454621605
590784423
197641731
860458622
812973043
45183508
518543748
439304828
818495622
978478900
392226408
867604761
34987506
493281589
310986130
719300227
835776444
539078542
480708943
678655033
516339081
40058843
214148844
20220175
833711006
93416522
342674796
955910397
352691549
491567438
197641731
217925197
708628661
881347227
963086825
69896412
254786247
15603299
313960120
285100554
718909747
204807060
353269097
598353596
688029948
660759248
855738943
138014009
6427993
825712109
682718807
447416483
451715949
482523174
19404261
753636702
752444552
654144309
362552033
933869243
933737060
695050604
767827099
255641749
22549975
763936000
939134109
283153008
238182071
322942116
655338265
437312511
430317106
561390857
676524618
279955117
871117060
675900133
736152751
445570526
872677022
454169067
735577172
470472657
843852026
300703645
961329069
366820233
395733238
668870216
79578425
478595522
183565390
88523104
233629865
669888082
844431371
801139656
930226733
507466622
897039848
285706681
458071630
145627131
713938159
833342625
274966018
560684292
15386864
264010740
704066076
584965781
53274313
726344885
258282583
723866704
745375606
542252186
399637064
63750270
884577657
855597552
508673243
268287747
746494786
399682997
685630306
906088626
69047307
996348247
502739807
237649322
568266661
365995594
227482732
884473102
717074806
239251818
494457250
775799712
235856012
173560055
668695308
540835130
522579094
608694706
309241552
475599820
854660451
874649027
38954051
252110704
22146427
806649110
799306780
921693971
67433680
640237686
897819418
665801886
637451636
531720482
895626992
305303585
732403648
152357647
745748763
204728944
73315039
451226300
99170324
914876522
165005343
528902938
211256207
944141572
985891230
817812462
863851392
983849819
145261801
484160974
368624453
165956718
677388176
578143454
835736895
285762752
829026409
743908590
569923514
649579762
602145453
448157350
518984211
590331914
113538013
532789898
424120159
232427057
696546286
717547602
691682422
967852471
704
380479300
547050945
958171665
883383304
790931166
813575011
129422891
928248909
642162178
258839679
708245607
244989816
410135715
12
451811570
969404262
860455299
777299778
116334992
741184931
970311377
590730587
989919850
68613382
145695066
303600505
898593959
606398972
894675728
711050900
436733475
578390098
742020560
439819308
304042510
699421578
156996935
632541981
358772478
579664981
691267287
570336568
853597658
251336315
726157336
646683304
50593609
151196282
560971276
856348476
692491210
313318141
430533656
434788522
415633864
410958894
861727073
990646425
852518520
970805402
586299682
443356244
632380948
273184407
485631829
870211970
854397078
289092530
853511234
128645644
300537869
949571657
325650954
176944123
788700967
574644036
228853680
861627689
291325720
415617149
64258084
263958827
679997255
329393400
43746357
776543232
565417436
858144364
432038358
218635341
63905498
804637985
167650844
432081372
675186197
551276168
722963328
563784087
233247802
329038465
85326794
156514227
267618543
470069269
119732455
350082023
722536450
623295782
477797346
455730156
389715078
831565767
858277537
749403323
312042007
174372846
281785882
462110500
319668452
411367998
540898584
27739593
278638950
431028066
84279655
99973783
62543794
618832807
368083041
638977205
839559138
383150499
998987789
77704272
285468072
699942539
659024111
9255970
49362268
847170773
165766416
998661010
807058830
792485157
863544109
618658189
317252428
624774537
547075484
293110359
310327302
802434747
781456561
724713234
663997697
758198868
699131922
789665229
327890306
251218835
833417876
701832288
211387355
274278675
235477901
34220045
877661621
45894477
143695672
621643386
984480350
103236108
272427081
455885490
642712045
960267104
287692268
719991140
852057300
193586931
179317538
940329444
224628246
580760247
625048628
166680551
448022664
964836732
695194939
408545098
361420172
138055713
218550842
475812886
993512759
120363941
534726589
730232340
835256816
87306125
256623556
785099457
551969423
415002341
973184458
399631489
17318539
844832808
827447806
650412188
289293309
15360
881073663
534742707
49910671
854668107
310879238
817612664
884473102
71364293
801139656
90734099
414659152
974859026
920686588
381538080
838763964
858039878
823210486
443073809
538422886
7168
451811570
135408131
820517809
454621605
964782435
31015671
54739424
252054761
436543114
83655880
471496926
277822298
896516964
607977755
879663953
602358533
227754888
833091994
830191900
116852851
300551243
722759714
183389129
848752573
163993212
28192673
298131175
409294588
65173554
707493919
790098447
727988395
714897648
476356940
149719520
543377322
764357491
478411757
121000524
453771268
836545843
1536
522518229
515450688
388040099
929569919
816230503
936141978
310921616
432065978
997889424
39233000
214529993
601759741
828209876
972968921
569094414
609063344
567673748
202072914
921786012
969512724
560986757
944670315
684552418
279520980
596304831
117310054
750286878
867019796
661575562
163923028
344802712
5
251040000
899603454
730768583
927641702
323713315
257431848
128974525
540302277
874649027
100638423
550686259
366169641
184681347
416978142
977926447
402052916
466282423
583205378
348001639
302888034
171376199
648579419
743714527
319921125
294859204
623293065
7346234
581911425
584168816
266057794
700867754
684786456
214121832
894279821
121240399
435255025
482631631
147604593
639898104
284521833
272820254
5959644
875695395
151446824
271870539
181166578
558634597
631766724
532175742
248317149
88455700
942464251
310342761
448244882
805903497
372426865
193527011
96656711
579761325
850441712
238438722
545286760
259506923
620112461
861429305
586785290
91248320
457380513
48848978
87119429
587369518
491932320
773928758
803048344
811110821
624149677
347105334
676249363
300790408
73213994
158472942
560667121
731435414
98425889
232924518
989359786
389813167
151936334
540882974
430146263
764526621
171968378
701424886
744798950
478151594
995778950
769715283
406275144
748420943
366221376
96677571
104522924
644184230
973690779
39511960
328107300
14666946
520998536
179033201
291107893
218574227
904827757
504709648
158932608
294224619
232427057
661779113
782868236
639157583
477797346
23680664
282719915
166908907
693727808
642082921
561721685
680675932
157536439
462155599
203469044
551481383
490128732
953582946
499701833
434684564
499006482
444327301
802340263
23139990
652292672
76250407
815261321
983544578
189427154
606782421
613736854
772000439
361999293
745367014
923222470
321267018
529332628
709471825
856666419
476814625
744893638
908225685
539534245
174052810
759811076
344626978
476107350
720744362
35361575
398844875
763338108
692904192
461970903
985716785
704312699
456653464
465968884
827100985
823559922
311189275
444013026
311297458
220951105
558069692
582290800
716947782
945398248
773420627
202066000
78820712
849986177
68599270
166253887
654059520
749826439
771895390
991895703
416356066
229117762
450916479
172820731
6940830
511814676
759896104
732018629
589499398
693422507
669203517
472834532
76613907
965403196
151360052
146006485
677447580
171882578
590235415
490529995
421649421
379895729
131685936
756733915
435913366
61708456
964795699
683734508
430146263
309410789
61662782
584784339
761955559
486096711
921302982
47419360
333044318
481903068
347080182
524991877
695269420
430418792
524905083
773118990
743435612
649558834
32312738
12582912
921644223
691409814
837991457
360307860
958329455
970385557
577486180
209439847
400057958
200541189
304110000
480909853
230385382
808093170
557323030
594034690
326473190
739488492
41164254
518867691
179008858
552114001
550686259
479092514
58095576
795000738
817179034
294967268
748092676
921006454
627798317
598545561
912153823
930226733
711426777
250093585
822147292
626670000
769407987
459696101
972939064
783180590
201309658
989311287
739407867
489557283
487897014
155590351
351307898
275493242
516621946
900882854
384820805
521431874
269058215
856387258
86057099
955700730
843988144
349812009
821899509
553061183
710952845
317260733
647542593
255591736
84347899
314955036
210774926
944141572
410135715
598313303
333996152
204044229
618781870
113300739
517720849
224331905
462474495
873001569
709734311
462310378
929028828
677941091
795939249
380356253
450419751
751601097
748420943
542498891
642463718
766290486
571905907
769815130
556828749
836627740
769925755
717547602
56306204
898653069
565618519
576731724
604769322
475047777
969005337
635232720
604303855
344683688
121457293
370040691
883337665
784534501
592559555
743946240
40057965
671649465
698642515
940771754
592189603
953162955
513922080
703430742
801127145
216580556
88926331
273856702
786650043
792770884
992279645
587092941
281180728
245226230
315410778
509306047
267177693
816421781
952001423
736286042
974316837
564389292
292197185
348968128
226482321
872672180
67433680
562359287
714776844
952176377
766838022
299845203
564813775
557132822
834446604
369068252
866120121
893734534
971884537
58915165
869827732
473773503
415671700
654501151
228314675
606168921
919108670
507954302
883705995
9588714
923222470
542557655
585312276
319677861
981757158
477020513
954841171
161999512
827932802
92231156
947902624
782747245
179222252
864665157
932025338
215263097
463068153
558413699
478004470
394361546
872669430
189034717
70697800
130812948
160468406
538763185
265101629
525210508
251396149
1
440662814
369868316
903791519
28373408
876236110
576229037
168894578
854821065
238696507
133452389
847527469
381395355
826281821
199689732
919909794
79350137
638967081
383366324
5009835
519791425
897082768
905370141
104522924
788881930
252054761
506008892
584090333
551689336
298198651
266463160
656979618
419041937
613522974
537015768
224588740
494457250
117976647
916256255
644202427
734109132
891852146
724713234
285762752
709687048
441706722
114944100
779773000
573975464
487575464
941306094
962320297
43143836
701390497
354724236
57240648
652279312
261018903
728211746
549209613
589188477
359113779
818814430
376625496
733139383
56139070
29750224
747836519
315138313
583351240
915127931
212495263
688076552
630545847
788641374
300551243
275130096
564609345
921299252
636701344
436036443
235477901
548532741
581510692
169350587
448152531
626443761
592126015
152715736
548257220
932612984
454629339
659007147
116533610
282350325
688379249
191698045
253528058
804278763
509343880
298737160
625751592
525521873
588747104
437979116
363915208
516737516
754431352
676950322
57328672
490299177
917645425
699942539
759671090
274278675
4029740
585403758
654645095
862321328
278435077
894438288
171342700
637404040
261361694
535803031
362259404
542217117
750019642
701988121
221768846
827707083
604815286
497865344
780232695
962691116
585420244
19594440
42470169
513561174
599868569
291107893
263557639
368146209
523781916
838354383
791251975
523973955
964541604
453372929
320482307
696574647
671369314
485025403
639157583
739973023
96133849
631552666
856338009
283728909
466580351
102204029
161031288
720947444
371925632
108363212
268899590
792315891
722337910
673045083
139169009
558284650
379734330
642862624
197170598
298128279
784932484
866111285
457330471
954719468
532441762
349543113
416530267
917532681
974228193
1376256
855880008
602026073
79784765
219096708
734552402
151446824
268014965
814697699
382445518
958695311
280946623
972258080
731366275
379530115
420942512
745186759
305303585
333064354
834446604
135578799
448157350
727629545
719707705
546371825
86846060
365679127
75635540
128680192
253461019
794904652
466922076
765731584
997555311
510503804
530234347
22266402
807933277
551017809
372426865
346214945
389035845
319785422
15360
893104201
212231536
291325720
651322955
961641232
206249641
580172007
997696552
293425142
589081597
304554178
294215803
35357177
824235835
823426056
933646202
401175103
62207733
224455500
423270372
277265099
911333135
588739341
885863289
994137778
488571921
285882658
430039489
188112149
93416522
27227748
67061485
799170055
592515919
378258366
605483899
684375534
654671351
16337677
77572751
852194795
593815092
369784798
497349358
416465441
161212072
601603807
739488492
708455027
998936750
712143590
701635776
487354357
975206789
484999649
418713481
544273389
72800235
817047266
230181266
32178352
481716761
423786701
496924555
33742547
793139239
630266773
520751054
821694128
714400690
777122463
623283277
65809436
611777097
194527453
35854926
692491210
761048075
457293903
374719146
75734463
59804942
800080843
74719161
997380909
22471441
921530964
56139070
355320081
424834319
496033578
624603531
51475987
895837537
936744589
718153581
267205504
400515119
348588700
71539727
793165207
890122442
248914104
333591019
474208201
36453131
410852095
915197326
990710978
821694128
517090549
929277971
991596386
795813523
546893698
989856456
282483498
844164525
928872352
493946032
119834424
727034444
231769988
230055204
761048075
994097725
347169484
365395908
324885873
820559582
149833246
364039705
57328672
336477753
249953746
485277651
967262549
243959949
363408184
599932849
232255308
381072993
139234379
135652450
928618079
643708541
389754446
668650476
442872862
761249458
96485585
45323088
578265986
7200458
361200141
714537684
457380513
363574988
989571692
858297727
733264154
55952011
495617077
75734463
267987557
718153581
247989623
507186674
740243093
854660451
15987602
732180906
63002143
732180906
322436369
337521281
36453131
87776363
458705504
423010563
709188241
377921687
422803560
648650355
26286662
760076470
921786012
171494264
711597183
596328029
668650476
219731452
458255498
409568147
229075032
493328786
760026600
794541152
165410489
805849944
743172351
825591501
446855775
886791860
626750533
531551603
800530275
382039928
604218816
347935742
25370365
419336596
143180595
478777447
796610198
743174478
492197165
109018592
645930341
636701344
893941984
717117110
361200141
178548866
672017908
786706697
974312405
5535459
70084994
25236883
715097684
422157883
638177630
583250078
968670476
328944936
41005440
640648429
740173791
875381973
61472981
431577846
781360509
262109760
2310776
569650491
480388462
368479973
257638236
858039878
286536875
478004470
462930344
767289153
492886980
658410939
531507082
377962996
867490510
710435397
880252418
811711840
283149513
617717381
928196341
813471938
482773828
891122913
107599428
4587568
104349168
313162198
915127931
874044872
103908446
909753041
874913730
994713587
130105021
29831904
625063208
971219314
709804109
646800739
951244325
67035218
665968803
530584081
70505811
269973804
311709971
470069269
358332312
113930365
837932936
776082349
288928763
139531539
267177693
9874688
807091952
598234552
3398241
669715041
139022191
190943712
727610510
253608609
854667392
776469295
87365466
251802141
977238218
762885653
587433292
101259555
5743438
98313596
595203409
157072878
278393589
871444464
813052715
391350766
956299475
671995197
27817290
728265271
854667392
707663629
526268742
858720353
861307502
3490227
352152583
495274485
924733466
837659056
373492740
120823680
508606731
306597116
517642202
362969670
845193866
32768
207911364
345603402
316044445
892988814
221060012
508560479
803087442
771943579
290400915
990571566
175423856
884895504
157072878
667194671
850203013
430039489
408240334
730068851
726503859
769632715
575158113
615054554
845648863
462995485
76593991
512367745
332870815
148737662
251218835
272820254
654645095
604648621
287663058
446338572
731679045
850159118
177381400
845076069
809682838
465968884
513385191
359659369
749403323
899160872
572128931
403226089
551863757
743172351
820303930
355236925
791092567
636851086
204107039
44555702
256164784
837935133
420815910
4451611
2883584
151658050
207278530
155428504
997480060
552031287
485166503
560476534
18153223
848931582
198445138
465030629
546053143
282025744
888996625
169706898
79548247
138082253
92231156
576735044
562010592
791513519
113772681
48065651
33231498
773083598
480181285
311950002
164543718
454080290
581112683
581068095
916715569
282806537
398281153
760076470
712458926
973984862
75573922
160468406
685013014
219265637
153964059
859880603
619119688
936134277
969821923
118054665
661267476
70505811
234898342
943475369
89343916
713932116
502358132
312583164
15360
652657495
661147405
983790628
741942917
406047958
185621953
860982867
676160249
865638390
179103185
390577117
581280348
778212189
93371354
858369992
161415170
712751075
456160009
813257127
933146565
583351240
263915819
272427081
125597666
613525527
732914252
964782435
756340724
217987803
426044756
278281829
72241951
300046839
87741015
691110587
813954334
944508118
767995797
443307240
210124444
596519914
268554982
533774933
576007715
395011081
623376565
740243093
475049975
377809037
299747336
972501257
490128732
430907592
298656704
880379734
664330695
270293584
623659215
906292306
650565540
760360483
14033475
43287525
460053274
829095342
137238165
378964800
733264154
825434691
172846713
719943919
285893684
539152928
443763010
435255025
58213429
697890238
850619134
122012946
691082340
494853023
786018859
177514511
342657009
698984951
551915858
317274240
916775516
571509911
937772691
102678063
249375398
882971131
362818815
689061415
886907061
547762843
182320497
213933241
698886714
858743649
356807853
59217554
770573502
256918744
567854783
440996587
457330471
104478404
537424113
499751785
266771011
454080290
741429858
520456551
169964286
863851392
439795331
777299778
857162677
758624490
909025539
161297076
198927161
842782630
228471717
863315778
900378192
733066323
542193456
316668747
101291161
938047851
159062639
997743690
90600906
760173878
100229653
858927740
564306058
894812162
873977157
2883584
284814815
389792766
179222252
954484175
448639126
136146638
412663864
474124457
309586873
400915475
703850896
563576515
507172441
813759109
2654971
805849944
197027306
334767828
951056116
503045499
876915885
669715041
607091719
170961588
725349253
496924555
481903068
228408614
164416478
815312612
174868071
830395232
474249907
971243522
716936129
250309126
703430742
619676788
514008530
668695308
945186891
601837258
560146144
1285310
344499841
305505464
395809117
540741977
694844964
219150667
647488573
724484170
527638070
625553762
390577117
417006171
131526677
148928761
396952075
111572826
396850166
561516421
67514472
70503110
715574293
921157031
975260970
244140896
640461392
857094018
131685936
534331048
662816679
405233140
557208575
570128484
645523785
197265835
697872913
284521833
864937593
476356940
232505711
361978143
612629220
115959156
986690260
601206284
622313896
185763326
642783726
509185846
875782423
83992100
556662352
283560902
780477847
227748228
678783389
61724964
946892964
294617940
200624626
665829980
267285503
628967582
774797191
177651597
701635776
704086362
79578425
44038742
446838591
639157583
427940028
343957424
676972071
789035902
139203584
907162078
786277432
295930255
146384747
534337977
469534350
268739358
634638217
551017809
556468389
937454962
320741886
715695452
976990809
452268604
646568172
399228338
70701338
889392389
652781209
796524986
383938308
29831904
894167948
346711994
35250071
309631802
842102071
330713040
544389274
743899346
927826776
180688172
938087482
239915248
978252465
82645439
297851000
455885490
247585755
952010106
984781670
548663940
239915248
260786556
547988483
553261504
281361083
172764199
18152921
57820464
532789898
360801855
451032148
341160944
972020231
150467202
67061485
829395746
63145316
89281323
721971180
443222348
949140008
416465441
936860680
468156957
724484170
430907592
355088015
291018082
378562225
72812344
158745137
869369419
159646378
715113234
683335880
672017908
465210080
967262549
57206467
345543946
322930784
745727153
471082896
590235415
615709464
903769680
249689902
997068234
292197185
983380847
35854926
995038958
552779944
756028078
313771577
934495162
941409597
443068349
128810881
598542485
72992567
255113716
635360117
888632715
366650090
749992001
569692012
271484313
970132049
358332312
361784804
305365978
252969228
953642766
541284824
478384015
240669966
494499878
818595275
138971200
789532099
881017269
368857520
893589432
785837193
123972313
24301411
251419310
586332683
748420943
810374204
822224802
826899148
355743860
182320497
799309847
37014850
382572400
831789102
99327341
933287735
273554944
233247802
883635432
633738636
721118006
493634294
342867115
585725319
943396994
998060273
469248967
270860348
145289782
168014590
760076470
126954883
550907691
896995341
498606219
597990892
705014920
189884400
164543718
880201289
975925510
879444432
152764761
134323934
897039848
43401618
32768
169582771
195332347
956586626
560863549
541664078
224455500
234247236
857686082
430846864
693765293
572334611
256164784
159868285
221404614
187072215
750286878
288184462
990190747
558672340
795489558
221925927
619284482
716306559
402052916
782747245
826689794
679865724
212495263
663489151
13225162
95078335
621855696
632497978
598891903
133682655
117141476
344618606
525052264
564087333
572245835
108264579
530519271
710377726
63127204
495779163
917191852
951496423
928611987
157005469
891442520
498267955
180571259
959243034
675129346
49319439
239915248
31531849
585890090
304339955
887826196
381703105
914244812
498892910
680626230
168645872
449372139
109732032
242414768
26279687
142497973
15487578
474249907
297907036
878781687
25143203
598234552
383891989
415321263
992232611
971701331
142315392
37766753
242748758
737077507
746499749
427572603
896997693
881305097
68805888
947661824
83698725
228408614
540369464
601603807
416691410
304073454
940829473
423891441
804804835
393470571
940067088
157005469
376738805
872672180
927174821
169622593
909885925
847125632
709935127
276231929
97968658
417630528
294967268
789532099
784823867
619989992
678411822
424120159
91621490
967224812
681980959
442381484
319403616
710419739
38645118
141461567
726771269
663904313
742638541
788353016
727566570
322480783
556449669
775542638
426848678
989590493
907015886
291601269
72209337
977875133
163685618
35801753
148774161
503798960
995295850
75003564
879435556
260419149
731749097
515583203
686587556
140016532
76319865
674942688
80136754
159233700
478595522
919015101
47699684
161213400
104187492
763042209
787639183
605311005
108021511
361784804
36331532
886907061
506735446
365925126
420313788
503734721
689660946
258362850
913788846
788061145
508699223
621233825
409730846
165768503
463351792
370380586
614257437
298587431
761289038
150620647
440996587
690675167
702629123
416085874
793015532
410919463
559990372
619095621
140016532
462220066
92662420
140480106
600967107
4868242
506335677
234881024
227028338
385839866
880492922
830548145
924028582
513550948
385697117
934774974
564019239
702056815
368175033
821544095
265468308
175815056
72193227
537100189
254901048
173654383
464984240
541391549
832705885
422961611
60978067
334001300
476223563
769902890
456076454
339049962
290234782
738857216
357924041
856600627
192184237
623128333
73649678
568309823
616505630
65809436
61185468
783455838
375414197
355320081
68902331
165520005
486211853
456809346
433794655
779621280
748611528
707447247
402994541
387904253
503108441
383876824
921704727
248893834
971528808
54525952
117423749
709712105
505050503
896995341
428009246
163197046
79578425
340597114
70385186
349812009
480296298
82357370
527095302
609789581
674977856
586299682
832056531
166877998
752298050
344800328
941449718
289358012
53808873
841579496
767348337
979120618
492440467
15461789
608892015
908069253
177311800
394195923
865772522
658524800
603040698
295930255
878302629
80374770
234286635
343944211
116658299
191742090
465097906
645239984
436293418
861915919
591574340
714424041
539264284
395289010
713867446
743233851
402116808
727988395
909753041
613749447
790206253
605870168
703765986
370585534
503249573
141798464
647509438
223518546
195572076
785285585
162879809
606782421
133558381
338211839
314530234
49115139
197035697
941408580
98223476
770891567
696455146
66060543
168832417
150904198
486524780
469774017
579664981
104585755
551863757
887889698
707763474
810692309
76250407
125296093
959808346
497363822
660452588
408049314
135116606
212638585
462787404
711703803
269162071
655868205
571777871
458705504
517604727
911527957
306787691
355304830
114217838
667691153
162600458
216045765
133232539
12040345
52439201
905769052
372163371
683796290
492669618
158117972
836627740
784320510
305762703
745439069
559437548
958966170
723081434
892830483
903286027
608460142
364313058
569282643
264010740
3398241
441036494
965177215
174014736
133767043
90925115
152221425
937420114
167028741
811832305
6262794
973252836
564563412
201521898
375786457
699148952
379964445
568248328
895198310
327003348
195208589
833071444
783398876
402467698
716056727
997588337
743948803
156996935
282869828
141732303
61530565
949363311
499992004
871064775
301206626
826584827
592127074
463463182
208978662
479081759
414655173
803056609
388148213
972496925
864544426
172882825
53679245
752447759
293110359
729757085
951244325
329726026
396825891
860455299
930000450
946561197
197237840
149183721
993053753
928611987
268917192
945830484
789087721
696546286
430780397
151197172
969264111
951244325
275821911
184067829
520299215
487103143
580086603
377962996
703535752
222718908
75021943
788821551
658557458
209733777
743172351
832680674
426587791
377115642
144880613
626750533
804807935
716753844
135661985
300718535
409823647
264540476
742806753
719683543
62018058
717879271
117976647
406712272
617135801
330747322
616269390
774616504
362321352
577843293
771455954
577512521
309160175
996511394
232776166
234094075
672752098
243474462
952328003
216694807
357287368
737077507
559992015
972496925
967262549
494549180
579588551
112880536
465002
966084049
490158972
478411757
531720482
30745742
359331311
781456561
434760382
295522372
906029239
874044872
463068153
496387481
532550436
713807127
180460188
344120212
579647781
583250078
150841017
523464451
486539264
796615856
847460339
811295936
11457844
704608629
302618059
410396747
744072143
263113776
440038440
495433407
339860633
8326695
268354441
947429405
247440243
740243093
428821538
649604309
402504043
855081927
182488727
525875451
273007100
80981679
936744589
597285891
189029569
176517606
484025515
483529886
763338108
901428666
869369419
286143066
559651439
650657152
864937593
62822225
119678777
237507099
470542017
881532298
267987557
59700445
470997421
344528941
890758250
124062634
53808873
609256245
940771754
464822814
761697984
35250071
594467403
29350092
679588342
648756424
96656711
209405283
700161052
297542099
685673823
331931761
238101063
456128986
866542439
456283463
676773751
999959789
868399584
420539487
43160866
253297835
788645814
465030629
576049335
593071751
211454009
743948803
383771395
363287360
182079314
638856583
871444464
736138278
365592660
968123826
458711589
500632877
642687410
188234842
641861083
641507403
726093446
784175845
798003888
346725084
749403323
736057081
890593847
696574647
668756303
615054554
517509022
61859953
513297886
349914849
493935460
809681473
456128986
49271783
918918199
727642725
414463313
425930665
403321640
870385809
631067104
743172351
614960389
168148605
251092314
605202541
133411391
989154074
647298151
339461938
90514346
212202385
854361757
151470581
562357807
929625503
484861177
781032523
632370020
197834708
246940479
136245217
961340665
834163857
402052916
152533353
296471875
783898559
932599297
4451611
870945412
387971110
234342882
680626230
813598967
3328
457436852
648818726
408209645
797853537
46085002
278941847
198620166
728982222
218551719
423722235
273470764
358165002
232365462
550201439
419691792
832710233
983133643
892307013
597998361
968121740
188771807
513942921
679757702
380691356
375034725
554130100
16337677
148000488
645067454
31566271
736127684
193303309
30945840
384151787
561639729
450606239
46040123
128193506
490922215
382610341
740243093
656346347
902711593
736518902
59441867
226157103
683327368
237857
927452949
814189620
99735487
171402994
387971110
12076539
146754670
858102553
183222107
576744436
895173419
533239354
209879576
158932608
878839713
602608743
518867691
544407585
503734721
720181754
401487929
477203386
579233703
830313310
289823230
275180058
386844371
135303708
49229300
635474916
723044687
272264315
513550948
494869070
733663782
237288977
178786175
178690507
866825829
261702888
428585630
312755285
249285002
228362477
804500511
700954105
107662764
583306981
236728423
325864328
749830063
254120126
602698763
474122158
159849394
936547417
92501056
763001664
355236925
497122432
299863561
949113637
79367581
227623283
537327673
360590003
941976757
227720198
355117049
958755942
309631802
985211001
876351435
430584111
619678813
954170070
569282643
828617241
434410455
652091866
446202262
524546074
602607666
680630633
390152589
173378616
618704074
74831058
238506667
622411188
675900133
501650917
139578218
522579094
605439411
892029308
76232832
697666907
261513004
7652890
392816652
989814488
741414117
292633681
533941613
608606293
88287805
69259650
484485251
791871633
537015768
587092941
256837399
269962009
387904253
539998733
926746711
637839415
756340724
57633727
450234727
752808523
293962041
5804674
938355418
456387893
771041649
821778361
611896990
256164784
819390961
846687843
661759892
48367907
518899956
92662420
407379609
368549250
642827476
956599504
744893638
819303629
921940515
234286635
649509054
629855860
66828916
343291552
804603549
927606391
321601728
866178825
869740301
649570150
474797448
646007485
989590493
773337997
396369502
867490510
621760546
204650305
466603912
276770847
720005294
672693346
811824876
454139551
239461291
767499556
75187188
593854242
921629308
463533016
600935119
469093365
147604593
768770312
823426056
793889464
312266190
647585486
416691410
558413699
764930172
297867642
715380749
682709568
156937525
471937434
791513519
674977856
798637173
259273992
573937965
615622158
206376828
818094395
412953191
90676889
990044537
228582135
816413992
615688055
429639452
188112149
787907816
267432483
645904752
79367581
727642725
632786384
857988600
43264071
44555702
178185284
141777629
797821797
64936171
725349253
87896621
706464354
302888034
112767
446878109
442922711
594034690
184273958
367329760
870945412
373041276
718149528
621881395
117130045
632034791
152743764
240480505
665308619
614194794
487840642
203253842
921571873
480177500
492948814
953660806
694518405
53679245
635360117
107986365
997889424
540516725
200893303
858251898
855387759
445570526
411424047
532441176
574644036
712707632
176146301
198696051
957609775
400320850
690326790
178690507
834214775
259779980
294691533
743948803
755159742
473186331
307673805
770244775
420731835
321429615
817677899
540331600
891319376
950651061
659487997
30374253
750855798
573230411
749494723
328301351
529208728
911011352
199533732
738340090
503094040
428751722
261015976
490922215
598234552
52194072
230063261
289090410
449488532
373475719
228213767
274706941
679700594
529208728
13419603
242980441
298601630
364396398
645734264
585790087
521175466
606665840
475222042
426876127
990423371
35226545
414627758
555879480
653820904
975906006
131495849
28892962
148969064
385974965
680858088
581377526
813677951
955182245
120128658
127701896
944941091
265685672
258102923
753857513
414499074
370504997
712956403
398248122
989353754
231388214
242980441
707533387
603040698
46899039
994002434
668819873
718018102
196547954
915127931
497271982
583181922
565685203
619100333
584180430
171154512
168866235
391063310
823559922
717755839
110874162
686241338
480052956
806780979
906029239
46085002
874586031
779133378
197237840
574023826
953154280
792410403
117923091
488297157
699421578
526683910
190808145
951396132
432833517
320121527
73662497
589848662
594250956
582928766
673456852
870713079
437979116
117976647
886399511
822225309
297644626
944941091
637395490
949571657
769416683
719108313
932806449
900781872
532276440
421685963
264252913
907015886
191668151
251092314
245226230
217152681
973866564
861056363
185880347
206249641
180532438
803796572
245330393
91201721
204379972
37766753
287567316
704849317
615311491
873731600
308210572
825519789
534873554
122313978
628041629
15360
246634683
594008856
860077002
594236716
177829863
827298229
749576554
906265469
994195175
561616691
389369113
814674805
697890238
493920061
929222783
566108122
730768583
338387806
868130374
783466345
399631489
220424003
402839187
632476498
279716854
485220686
788140565
31463339
660452588
885863289
482022833
635474916
917759732
821899509
351004943
669264832
371110874
98775654
273470764
434857592
547457702
543377322
819648082
10368763
749915859
325319225
122271848
447030099
763338108
305649188
667084817
320190337
53480720
704
989623588
324032509
474249907
624603531
128193506
434512113
430726200
680729619
751883095
694553284
134416037
451144122
351705447
66065259
125901065
857988600
644499757
15514016
231790395
412598719
697216984
915984514
938791444
579140432
273391078
580915949
731392392
708219243
492520590
47037653
519420497
402242822
182937848
212653987
840843081
138473465
581047174
585725319
470415712
101461797
132730916
838530824
473812321
109811900
607003098
850796171
395011081
195908128
919178149
218163724
453211055
202375922
751883095
573975464
378291589
31508979
507771589
346725084
592630741
776638154
630896425
619678813
927939229
699130388
933023740
532441176
115309473
164056753
979354766
276976730
991524858
109259410
755025954
439836483
120087041
99943251
741355074
5797454
17952476
143433085
233511849
989192995
954719468
984627305
599517286
214496606
855626640
97182455
66378031
944173715
118150592
567019275
119379031
549449331
862321328
365430156
643027566
266676206
480132889
409314203
852393703
505683880
82952383
817047266
272286632
445298015
574689752
438298326
156174798
525875451
609099947
382943331
94313467
199673316
886118471
677120355
54157603
533941613
929492687
266057794
136873056
555181462
408260651
723535299
460601812
744914130
499751785
562973873
78820712
445212358
962722097
398927320
566830776
734552402
680630633
765680777
466739662
913365288
927826776
973874372
89082633
470356890
511354469
330747322
881305097
377821620
511451610
399142868
679748128
487897014
428989891
913570171
400320850
331701684
873548636
411993982
401175103
818289527
191282889
256432836
398927320
659084302
284521833
298849763
793139239
722121978
361363339
490366012
154524978
94014698
846853251
723535299
569353495
653963271
549439399
156362110
461931900
360801009
637437765
813575011
198305454
345844481
384924698
159868285
939371544
499751785
597668754
930146502
33975225
661759892
142717377
586476837
144698874
614375834
945457108
225517978
61151760
931150837
858927740
519410015
19067113
310986130
157072878
581987920
990142273
156339534
574735653
860085769
81316246
94829389
427940028
51660379
825742162
347869314
833928738
963392506
347080182
176043933
581224492
547474287
311709971
144689306
778334125
769407987
977293773
852518520
511533236
645930341
815048025
669988475
263807740
660844373
945865730
862880639
518300665
72437918
608460142
671997228
640344467
259751582
115435116
953546481
524805727
702971587
377025038
283512224
649579762
572581410
702056815
374603261
207341961
519995717
410340834
723758474
650463726
25556968
914118177
232491025
591015002
135801331
888996625
558036345
735476935
125978937
759251838
412097435
831115516
671997228
588969834
993101432
456364874
955901755
453765813
133452389
1639853
964795699
320217497
694167622
752298050
514185350
785749349
123453155
528160553
105295239
630294428
924311849
246079863
161213400
430039489
709735044
281785882
679615682
328456443
142635798
192362714
537410210
258371849
305152487
422443636
461009670
612498840
929531889
466316305
863504440
894613217
813052715
435765815
212096660
16231292
627418936
19200481
618781870
759896104
232349011
814735334
914118177
379530115
577506691
420815910
676772045
97512152
925649265
454898925
810214208
76744108
575156413
204154226
314044769
556849046
320650491
189922132
965177215
626987034
430774993
482431924
185767050
175973527
50380116
332136337
537131722
833417876
159338665
685204992
21432102
665308619
810828859
481301004
356694003
117976647
450820232
202547181
165300734
859471684
601972830
907670332
301823576
534368920
165005343
824894454
62735021
808867747
502907469
670427500
257322419
407424129
248914104
483580460
246517655
22376479
276974519
657588552
626880196
69896412
386208918
75187188
609169484
704757634
342657009
634660355
385839866
413452070
572755234
147639804
200489126
332136337
58573564
327274038
381984030
659336698
927939229
247336067
631834754
431787289
461188694
864899450
527022307
380479300
898089838
127465260
184021316
987496880
335459566
155807350
474124877
490753650
553546883
994195175
66143879
120877435
80505698
700754963
343944211
39767904
357524498
796452576
286612977
443464661
795939249
128216361
304155944
119066125
373378971
102439461
776745494
560379173
450659263
39142330
617025549
363915208
885116514
468244503
911042503
530234347
273052278
348959721
929779686
789035902
481031857
175852016
523780085
684950967
499448332
155494329
409765194
909584657
175836929
443899881
882311881
808607095
644687895
792091500
746552716
683734508
587369518
881815671
337376702
328579281
871782851
844055427
730988136
946892964
836487031
448485890
743435612
602070504
546893698
666569066
274278675
866942042
211094384
17891968
725147959
743585802
640428582
45298569
810828859
875969809
750392214
991368780
649503901
783823498
675942804
407969243
283179274
237918124
361836464
90908182
805281664
785331742
937368362
714187948
840843081
255641749
804500511
558413699
980810159
356257682
311386382
944796952
548845072
806456522
464164405
479694259
655057271
621222814
332136337
393200747
365750022
109517752
391911846
389369113
90908182
120213125
284387326
790177457
600390427
690940658
726771269
297263991
367149948
947178264
51185025
968663293
220899003
308981595
6632953
633522306
793662259
325981711
964795699
760353182
569923514
315271712
705432488
818604978
786928404
658464786
850249690
679105389
783347078
261486906
410117628
596519914
339786612
276982127
591126035
7625536
226442444
27631324
642087558
540516725
551481383
897076792
598234552
672302428
653543085
525258326
253610882
778217381
733453206
605202541
430094568
779133378
552808206
639083324
151409272
142595700
941402552
834824903
828509235
301500663
570341155
792441723
141315836
633604687
223043455
759812203
635279875
807955743
5022578
28
376440947
146006485
122656251
927174821
752444552
975602182
927452949
581107166
218941352
179477497
29556532
139610317
640674857
807726098
803148802
903018849
556468389
575501606
471330840
214325710
892424742
947213747
825074496
469059547
904105734
47778886
351504828
963472955
926523820
938153494
360629412
413746675
256223188
395469685
841103846
628818955
529344535
653044653
902957960
343944211
205806293
631353639
292792423
378146099
252742785
662633488
567019275
409126727
12582912
138082253
371237730
447416483
827100985
137441316
724713234
987925841
290995589
922901355
285804300
743908590
357427917
914244812
765294007
137169635
633872074
140302074
62251607
461188694
711703803
218988950
43437411
143021143
878330372
45323088
161121478
916766086
737409779
539478744
306250819
949113637
626265596
204804500
920686588
193684422
565328034
582406293
935122867
475546627
179344646
72907665
679365042
808932729
313771577
510457362
591451002
218163724
568747464
863851392
775119208
897039848
897769429
921704727
235104060
327235538
266615084
1428523
975090548
362957868
622038204
584168816
630259080
45628237
956501392
134091024
421739728
973899515
263807740
597990892
485042845
940619693
532170984
394612698
38465531
795962081
762473039
745554755
508606731
796568800
127890459
651788237
756683957
460601812
634800354
950642473
595369412
436733475
728534066
578519464
77810742
351064843
836919794
784823867
504030294
385159029
96875856
635279146
181828284
721757846
388040099
434090272
415054454
634085528
710348460
271735221
47078078
305753154
587600729
164086775
411022532
521966659
499501783
512678403
991928092
454169067
217583596
592846054
632034791
590874958
385724382
878609151
95387490
943053218
713108961
547474287
355587459
278743875
576735044
819442013
789135236
60697297
830213812
602435060
564486913
203718502
504217968
857244017
88523104
384942389
485692681
394322334
469647539
959252296
807933277
43559558
400700391
861170949
567134562
130298634
505835674
289779970
339796189
94011183
63750270
544557830
335459749
411674116
389398439
148956541
775262025
61151760
759251838
285548045
990423371
205425272
975090548
844164525
472591737
141732303
443701670
928206074
237507099
954873708
739683469
524546074
863673153
710045729
824894454
661303038
839220403
465468379
510498760
154202488
65173554
715886196
901428666
434361855
850892098
951910368
972020231
957113394
356085869
941409597
790931166
603383646
515544294
738646057
711274176
913923852
625558393
460053274
477462028
973183921
26214400
207850899
212946846
462110500
567671963
831606342
611116866
550158710
796280077
226815485
736518902
74079321
963182040
664909776
302582622
508606731
847095273
760696272
884625749
522453863
967544724
739538840
974560364
297278118
839774390
193917156
128645644
46170236
29255425
604761626
152357647
340200238
272311720
306840388
426876127
927471644
654907458
498042536
262058818
414184696
167480362
934672340
904940416
349963668
450642598
42587255
975730548
777765561
94945832
240480505
509280772
709170283
700145744
730561150
654053669
628041629
379082875
527022307
861627689
836678152
109014842
72491891
719459663
790622382
690166088
767289153
59801815
630259080
708803353
651436963
472396942
45573155
271735221
463609895
99631376
283253072
124791900
940619693
445451486
587097953
533774933
695592125
84082297
689821393
610587804
79721770
844733066
51475987
3328
669430429
987434594
730232340
849357461
169094351
718861395
811711840
52187658
72481250
367294027
587808446
633522306
905774660
250172643
832153245
685306972
946798086
468110962
946044476
711869291
691563980
642531633
491711348
767217662
468081797
274469125
767095414
786817963
190731339
474797448
352349605
618201130
458776084
62018058
341942927
503038928
307264117
495188084
83413617
661987187
953582946
65457790
924605899
893160394
116318522
996286439
465097906
162045127
675701769
970552446
165458580
22763714
273391078
935194883
312266190
947951591
5
569815412
232961595
348601666
967262549
22045207
386208918
190811376
528378108
904050048
552031287
194791377
455871317
794336165
147531428
974859026
518020264
956090227
859447356
671387624
324763629
854667392
746078339
993771078
3328
596258185
475599820
867124811
113695635
661759892
621643386
929539342
9025860
842238460
498399758
605439411
585312276
575553928
322328378
507267948
960842769
300595692
283830678
414757052
447051109
239061804
779167354
34961034
252747960
323629093
476014211
679971748
19917948
686620356
160572812
743585802
904780165
277253836
732230709
474418056
494645134
384043511
672641785
8138760
496387481
22045207
950350110
858369992
121667775
647138745
892866980
639783385
833934884
688379249
650933077
370461865
192674877
6648539
663296784
204230935
848401366
807246998
366100337
754262071
269258233
779377465
781503985
336175627
320190337
914935515
569353495
74279350
408049314
6072177
136873056
515416966
462787404
667691153
67326957
619284482
692307899
796615856
490941464
797350768
904122954
954484175
922054357
54847162
148056933
814199053
929155579
144
867712060
577386807
326473190
407075994
111566193
9193749
198340084
760026600
823210486
421586912
558076666
651322955
130342533
457421277
134091024
131495849
239646152
343271376
335459566
571905907
844816958
54801386
173378616
423214101
926095633
392809278
941449718
421521773
260585657
280915203
456645928
28
68347154
447161109
231603145
617127578
180335531
162600458
742572201
51716031
792212844
302962012
212803823
776638154
407338332
407693647
998987789
226157103
688028465
743233851
890593847
568711748
799292347
961422348
156506054
197641731
242886917
212067836
666569066
837991457
120363941
655419120
164462219
117513272
459562641
567659279
269311273
519731509
285513468
204100712
440395190
763936000
476296945
68599270
645727602
918721655
941963985
437245817
951347325
903456618
190647651
241075653
468244503
436388742
171657312
342762086
657003514
969232567
139810572
498118718
25326619
954771562
214506551
439669288
26137508
598611443
844164525
716494088
314199404
51013873
111515048
656120006
251722805
601628676
557132822
978934519
465554085
114158791
274480597
863544109
116230906
787652858
616174424
553010050
533111129
890542252
482022833
290218599
360590003
685940684
204154226
308163287
258371849
309760317
19404261
735996575
615688055
398776109
797350768
821259961
710348460
488814349
176059940
24827188
322466086
70697800
958985528
190791564
558827076
43159221
365799029
285804300
605483899
834629882
638819854
713691838
932025338
260969075
928618079
837853808
466148909
479331862
972331028
643806061
148588257
584928204
907861907
904827757
712956403
376593119
71805903
710353398
617320508
172743637
202547181
205491652
469248967
59685129
22775592
628650062
342762086
642597870
571905907
450568593
576351391
157197948
367016810
413563510
468947096
861812668
851228813
877555336
294691533
120067512
633872074
417512214
670358047
353632708
500493164
375189140
479092514
634608241
543128971
190065171
718607828
893986065
6632953
879154930
212202385
183019494
466148909
666576977
335865067
347261644
927749098
1285310
312677594
598891903
88455700
231769988
41108043
588848724
958985528
96029577
977068573
232505711
215461477
88418129
257048473
954105144
516621946
777299778
907015886
925912201
649367647
151658050
513287310
704608629
782362057
683400696
530917710
662633488
232443155
84040151
954582731
626265596
334232336
472591737
240473681
964830856
691180725
450642598
392816652
874975782
622287163
274333362
814228677
831115516
571811202
732018629
267205504
605556859
944482874
281647984
982679963
90699320
752094379
470534750
696546286
434410455
577134802
841900530
117273812
940329444
825798404
279716854
826349441
237625628
776824825
562030773
662654374
895067395
340656461
782118460
183766157
522096853
408518093
104456070
194393968
234881024
546893698
997104171
764526621
459666901
304110000
860077002
107844118
182526132
310620609
793511806
698647088
583715903
573477666
762557352
746161635
537424113
72907665
85644675
356582239
955913984
175553971
799623225
276974519
971336393
519189877
946044476
857779752
787503875
105763616
729479543
930143232
69883859
360969605
872438644
109947825
623128333
972331028
610839108
184956334
654999547
537727109
815082293
354897267
265349340
508915242
927939229
782231749
899356169
665758815
54771492
869880854
245531962
582623370
278917865
683764261
60014700
641192471
46318116
505242242
690391394
990571566
873760092
726858138
35357177
972258080
991895703
423094955
213900932
247960383
555879480
830634348
246111238
495755169
85304288
422274081
214121832
45323088
321218068
313026341
676160544
163227041
780665316
969360729
521396652
593514059
196706716
648755036
237604492
979253693
227684436
743033562
701201962
130063921
608718783
148588257
166634378
791513519
735589656
770698386
930846377
268515958
186696450
111071905
86676402
736138278
736057081
95853378
664710520
134516647
858486791
260849102
125370228
349972049
430061854
758393318
71165265
176043933
527800138
734650276
921330272
751246542
284737918
907856758
10503007
689216878
973690779
610177203
804500511
26214400
270808833
30724540
30291991
828046283
55998288
386250856
151922438
884739250
483726610
595162458
668171856
220792823
871623321
604007319
619187088
917012495
823120382
878064102
430039489
116377105
26489418
738964226
506008892
32017039
410192307
433543163
698841605
290234782
393513188
743347707
612204940
404513399
106975472
267029218
739071930
964541604
629008211
880802154
596519914
41164254
485465919
233528237
169582771
567376212
789116639
330097399
85150864
137858852
725541488
986161967
474795571
913497362
369784798
768702535
325028309
460875655
709762804
843283140
120354151
522599089
456645928
154732521
668870216
953946900
646000892
474795571
394215418
882359774
309314590
670151212
884739250
66265912
661298071
394720383
13942150
389369113
141461567
540898584
510457362
162387098
111956657
9557064
89714162
825448175
129403934
998740797
305583085
562488208
377774856
804724698
83839515
268006724
107683662
694167622
308326150
160403499
965409375
513593693
916865985
936621744
866626031
9002260
681454676
571893865
925686085
65809436
107488825
217784380
605483899
270088496
701988121
410801795
524658432
132942093
455968889
266572981
498526457
42014462
837678386
259609188
168398707
753465814
485747873
217232644
997359780
17271080
714657044
847170773
390732201
342863976
228821157
116318522
388571905
858927740
100442801
352924405
8447297
11294875
320190337
529208728
789506752
442510577
522470371
301535120
736939455
270394839
527506616
317593213
127701896
571744780
609572087
211256207
336141286
196244922
968837943
983545276
180072477
575509376
205082378
561097884
694476779
401570298
642140663
612204940
751926518
91821963
881909937
521221588
475578771
64
555493161
494549180
61185468
387598848
853502384
434610599
418832226
500766438
973473236
46400223
442381484
323629093
665571619
773541666
4271259
228821157
308680930
691353288
7625979
686587556
926886771
32017039
52405731
200624626
617717381
529559547
985716816
237998068
680127044
132944049
226642677
806649110
284218964
398037601
326287212
471752626
700323836
569318689
622411188
183564454
26995339
424120159
627299264
638387579
764611851
429409091
618717853
404197425
478174926
502178620
109134745
238488608
440884901
202272813
438862136
877491444
841088243
990333631
732401532
266463160
176146301
177096840
686858626
250866676
75667920
686883404
35361575
67606666
640506877
620535536
7655707
310111756
418506410
781884650
439878545
600823008
130121933
812639456
117159667
390522772
486211853
523780085
358115899
953783841
324959428
706424155
413932745
486043549
858916986
219096708
756265164
99222423
407416070
380691356
711126570
627579954
902303857
242748758
979704006
72800235
66913565
282385776
174726745
25642623
825074496
929569919
605483899
104585755
441046143
850762324
710832556
82952383
494033502
836868724
669888082
497691589
875334633
44843019
306160639
495729486
803148802
179222252
559783432
591044283
600497251
152270704
622319817
80136754
115893359
388990802
384502938
68301998
438862136
808607095
201912449
722939497
280199008
715300999
601837258
663877142
619548028
308990686
781884650
232519128
3183221
504402599
119861171
162464178
696025103
42250034
67252751
606837512
935686270
645641616
152164970
300537869
961491609
401033340
998050796
428585630
824257319
699443095
143002331
221820781
419271630
667194671
351297200
846497428
403321640
90676889
482734972
992413906
345309085
858621882
559266328
743714527
90571650
608909152
192362714
112341973
900110199
703149393
60962788
49362268
112341973
285429897
180183448
48148523
769163414
127981963
208022667
198060204
352649783
240470398
94494042
886399511
733139383
694167622
347399345
974136268
425147254
483726610
480708943
907377875
531539537
897581568
941963985
819764800
687816534
487840642
181768922
870428914
282806537
510042718
536005381
277369442
882113216
365641496
90908182
311825418
379530115
911998146
773873264
793068039
597387625
74907609
667031128
18162468
161055045
49992882
880616693
270940957
353895068
370841843
412570712
904829468
984456848
271451708
850672969
614257437
484128752
417512214
1536
597463193
799928421
168781141
682629636
335092570
833889241
308550172
713200233
242847049
969629020
39804847
158408187
223401378
155065483
974250096
603574797
371237730
744893638
588634280
377022221
169435336
722403753
706679174
162387098
391140804
724353138
60272380
624454328
354724236
621528961
747408485
952176377
836730620
353632708
549095816
262248432
334777809
514229434
445451486
180210726
460601812
727254971
542498891
841347508
124920359
778996186
261442480
516190791
593721479
718999923
730721908
590099674
68746823
710333012
17318539
8652832
264010740
150357040
342762086
768426752
654501151
867771268
887409765
374691189
666521413
352927992
795930099
624663445
584650148
605556859
927002898
949325469
287680954
620246964
278917865
987469911
400538465
729861816
511502047
185111679
534742707
468053994
383123011
286968835
253652947
177381400
659825244
179429635
365526445
226157103
325319225
258589904
109794992
515176684
924024666
781373431
402697379
538941966
837134970
847814976
150081559
894812162
76250407
867450809
137858852
651788237
590099111
134100849
872909011
446023704
940329444
300790408
989590493
821778361
576503739
610802380
745870307
776638154
421301760
935426349
470472657
114307895
424292053
617127578
248317149
755912967
216774957
838299251
514064443
44257420
207551598
535157213
743314288
893392722
492111977
388073551
647956093
594008856
188286516
491104155
967089479
213051410
17318539
10005888
339786612
466316305
430039489
278908128
241602843
985378892
142717377
881390809
640978169
254757242
337506890
801779988
249734753
907418508
386165730
833417876
22349796
619490528
330267574
579494768
893500919
867188463
180280820
148462136
770310634
232365462
298848052
184681347
964838722
613817755
797853537
428585630
518589497
75543509
498157885
602059302
864673834
359910716
499501783
984781670
866626031
118273649
861307502
191057233
525792969
669535664
954703099
191260243
55935708
356171538
595249871
474418056
662069787
271735221
363574988
624774537
442648259
724576888
721614267
845269036
525178976
428585630
766638360
9025860
369986361
43160866
829019864
67436939
278917865
3490227
587493717
58301830
613975369
888656708
110223544
242126413
788408580
100789579
839559138
695230753
532205506
297070918
923196362
512399535
951525210
304681260
8652832
485465919
935429670
145804127
483500981
277110550
973340895
446886726
253610882
121531679
210475185
975893090
411424047
619490528
210531302
291107893
175553971
782176711
621656829
691409814
713763098
586150687
411544419
901781479
369473418
975379794
269515119
652631122
161461701
259906411
768275283
735476935
331482551
122502256
734773674
932760040
648899638
841283490
635163785
399054326
327235538
174093478
842774441
745709197
719427194
350029919
376000793
858486791
99199654
532886406
545011661
27791074
689061415
782061491
938791444
75003564
236954560
558229203
214325710
32474688
179660732
788178980
756241158
302973404
755624508
151936334
951347325
664473300
632793019
117061334
577857567
116266940
133883049
947299485
114626789
411432950
437979116
880337973
942495737
918108780
428492043
825864985
923094613
503045499
348363882
712099494
738857216
507572747
848578686
212397509
703543514
342160110
182188028
298564047
485025403
263118917
21113075
32875453
16077070
21828141
752010524
257309735
283926994
97110411
150406959
92397144
508713465
409385685
903324687
492089452
348792607
950350110
2982894
159181665
86208434
99327341
382943331
497476773
703731411
55305178
598891903
660026007
538019921
58660305
922247082
198927161
817171016
519648611
474184329
628373083
97426384
222492220
417512214
396161055
711521273
781797224
484932124
101632437
28871767
891356430
62937271
284551913
97661098
623659215
902957960
522066700
314766022
334728296
446536541
98113774
962594235
897205290
289957231
363408184
973367578
486520652
642958356
154826768
526718950
743832661
311838765
599183746
851863400
953154280
868894506
47778886
404500496
385715772
106669356
164688009
327547497
699148952
446561774
32703760
34169325
595823033
654501151
885879009
273007100
124263348
949317142
818777395
362260422
458771009
190564641
173376454
361223159
691353288
811824876
582757113
983052086
7114619
588747104
521041767
391296488
66143879
546275183
403967818
737377508
581852330
523381849
157124947
747357790
880329434
207122164
710567439
518360826
923490802
669990256
528160553
240480505
978057997
62207733
954703099
675900133
714055599
380235350
418096768
576351391
311950002
503922366
555575153
903479590
233783263
471343641
432100761
942575821
838093165
18774571
96377092
727988395
324078600
476080007
110142265
151446824
398888240
404867378
853208649
445570526
222938543
702056113
884510479
63612425
468826958
204804500
602358533
380691356
786521215
555940677
471504622
490529995
111169121
240495620
226541034
895996540
300031821
313661411
403321640
659711877
247409694
624454328
398927320
244848854
723344932
459904552
824803050
865520209
115485911
896799865
389422844
637928837
181120161
565657016
565657016
760494674
618078856
305665928
555676193
932549376
227748228
970311377
521038874
497983148
122972295
275968229
211430526
588108887
358599940
762885653
259609188
124370323
709762804
48065651
553061183
61530565
155496535
281477951
661374730
639157583
636515592
284251622
576208432
408593375
740160699
484396179
420359049
826723571
351433814
266103401
141560088
867217911
852662842
146006485
499559838
510503804
246914864
424675593
672538808
990646425
327008360
668751993
124900648
619678813
347426428
35305772
668973277
394039513
141618223
739683469
446184811
105478344
532886406
897819418
399425018
731732036
844170290
163322908
504336009
634238200
577512074
509258263
349870781
863130235
21050274
911042503
943403578
837509355
138178624
342725003
561639729
877691064
784826079
638696377
919486322
78934335
869218120
731529427
801439847
226604643
233891183
307451772
181090835
592469171
507356621
184028088
84662551
649300195
385540107
920298055
154612774
102204029
701988121
619892726
84746517
372426865
676754500
54397524
25642623
546820685
163943293
180937888
67280834
23680817
800439151
381542762
898708242
58301830
771368229
199959843
693515814
916174520
650098767
874586031
552391106
853222652
89082633
259273992
319504529
999047080
935958563
962771875
330659115
924311849
817490177
913788846
532328474
62935730
835137728
184574932
139080673
233528237
766117913
949180200
456787691
490366012
69047307
713867446
273546961
930575484
586124816
885771361
509280772
51509670
742156241
893734534
954873708
363466887
973957391
470534750
837888416
572842773
26859803
586530809
952519272
764602056
528779973
110540974
999840578
703509435
641693670
807088016
765039631
708803353
339049787
995038958
989296469
867450809
93415972
174433553
22525506
869072494
355236925
155559570
610254831
148981976
272427081
309410789
669322282
471087891
746265139
323976301
24740950
369151256
273184407
69632
730232340
585312276
823210486
499660103
930846377
57107117
75081819
677862742
543150194
228213767
329877436
643633229
926526287
546786677
216640551
643484652
805595311
151534625
230385382
708689933
491932320
233496000
500435718
310921616
711521273
990553141
347935742
116773187
724009250
46085002
899136255
609637125
142689951
957981030
421649421
122379126
937470018
486520652
932382095
930829596
440647518
422621410
71695234
476069522
773081605
95063129
933510396
489564365
377889492
156362110
435728526
700763959
47671037
657961484
449043307
722674966
198733798
848844679
108931582
394039513
973280279
539633455
78154166
365799029
957204731
798003888
713526586
564304459
184574932
683764261
33967245
244583281
148850405
27874538
235913294
578265986
918708035
73386679
880329434
804804835
361067247
492872783
494457250
724522651
96414759
645210072
930022782
869818302
315410778
30291991
500194241
382839823
541758372
635352919
84796045
522579094
180072477
615054554
156897760
912997373
94528029
567376433
943452833
884788824
62906091
833323088
521041767
360607930
996975047
698512992
218163588
299718130
786592535
795633999
974671733
682396589
136537136
516190791
257431848
295723471
69259650
474617715
506735446
881888381
571104980
339557136
581524335
219357503
664697806
761839273
514900866
495274485
476407502
555043849
595470433
662887528
469059547
253461019
32178352
491856682
434420672
704271334
733264154
141777629
601770300
300020552
897000436
389422844
620569619
921189011
401234271
932927886
579695959
157984691
945186891
157570165
107383792
692491210
922199429
511533236
244966553
679198977
815745300
137439402
62935730
335865067
947150113
441713032
103283862
62906091
761991859
836339053
826241520
973451809
111566193
234247236
245531962
403967818
188771807
198132392
55581265
818384167
465030629
203603465
811983754
26545373
548178049
783768560
99707838
271172601
150467202
535982928
224686687
361940538
668870216
407379609
529559547
831014715
971243522
122012946
954484175
820121044
912997373
633117359
470232433
971136307
652535317
817047266
994137778
74984363
673342376
452391288
474249907
524196535
5708124
145534401
423425587
655037595
761241881
788881930
648650355
483921827
283036517
379530115
299119244
32178352
771673927
448150468
799901864
638089221
13646908
118005752
958596864
257309735
897145208
180584651
725006454
571935883
97896901
275130096
346214945
606782421
345558926
792742877
246507009
678204159
382572400
302704058
129811895
403982808
650478263
668619361
766304512
117421389
42470169
530695310
9255970
535893697
657058617
813136275
524318002
937203262
552787329
150433277
715380749
534742707
228024492
556436362
766250514
750765036
430039489
97110411
309726137
982119508
650412188
52906228
76593991
691409814
958755942
762058185
107844118
373614127
954719468
571811202
181990046
492331491
963878106
854798225
830756532
839159173
233528237
804995690
181166578
902210504
50719697
887217582
231570209
492276080
698891180
200466875
94555988
219974418
714440857
854798225
344512662
767463587
853222652
420987888
264745692
262956827
158366157
737077507
734544217
152221425
356171538
584188930
148355666
743946240
483234433
58186281
80312965
998866342
599183746
250770002
515111030
636851086
504043675
716962201
188290289
496046703
448295589
726746581
675316252
52249673
821544095
791114305
455730156
523539679
797965878
44632082
931175613
717755839
882311881
349014265
859320596
94011183
708032782
77538750
323507550
96414759
156831724
401301725
781113017
850249690
877089665
266463160
885546800
461761707
879377662
496387481
527303340
259609188
481807785
935153991
273217430
854667392
674020006
84184187
769355742
341427642
539385969
342000946
132460989
732898084
394712531
968336817
74730911
691267287
148159063
975362583
375281726
110315839
253608609
923203050
590235415
5545899
110114307
748621142
46860838
438602029
151024594
68214788
879680058
693138023
584784339
440821631
277117977
856406747
246919433
237998068
469090216
846585540
408518093
500648727
820896653
633688084
892307013
642463718
302888034
680243116
146035609
871427766
20081348
561634859
709471825
820435112
360377764
476296945
649579762
671477244
429468627
586322376
700754963
937221302
826744322
259609188
735782675
110566467
875771694
863333153
282442290
137635539
731392392
790301606
337477843
538916749
413902835
217264090
929097201
161458365
842887074
443748396
872672180
208499471
137189149
480132889
813161059
720387538
139169009
957427035
812454758
30795716
300595692
24421457
6445892
243942740
744345391
831273591
759384146
404475937
126676683
412598719
498118718
272326130
830860600
705701021
395618570
413328077
75667920
762327606
343731329
386239046
245880701
815648950
313898662
844458089
714727223
676754500
856032586
572128931
423722235
320622668
761613090
751572926
236728423
877562082
293812867
838745211
263113776
413932745
501865448
375401
441832075
895198310
466629836
300176529
865321213
516532880
42632317
703765986
911590475
149328616
749915859
940838475
308445019
108157225
346837229
951347325
318788086
207888568
718861395
32474688
445475520
768349782
59965890
7983983
847793158
647751693
519189877
879953194
933702404
651270687
268245043
218325079
684710920
586299682
698274771
535700361
866105370
409730846
238506667
158514230
702056113
965708786
522677923
225796468
446116500
924048639
347935742
773949275
505687873
660026007
569692012
873977157
108675682
13452128
908069253
919999787
996536811
446865935
620535536
342674796
495136409
275130096
742757051
836128028
123879621
722536450
861865093
767827099
603050445
325852706
799022321
738244463
899592704
710103349
852057300
579115970
345250530
376511387
955668140
290234782
78934335
529208728
971037083
698520441
303544591
174888854
789493729
840006098
230339184
921613651
108189017
512678403
356683201
825707231
291035190
997304824
52215028
474037397
722121978
113246208
407526657
506937769
954962943
724352807
151221751
455133310
210528966
121225327
537055836
395129243
834267138
607889784
902795947
845648863
922929346
623285296
927471644
561337065
822686764
151446824
47439606
528882857
130301651
698024939
254786247
878210680
923197183
182687284
212675346
829837293
400320850
186141060
880779428
130028808
2883584
596871632
785144101
284218964
9227951
846262382
247440243
37594996
663651910
290683992
676083346
97426384
952019641
403091245
623897695
722759714
971993350
406912104
849833381
781884650
908630540
822346898
55467143
21801805
576735044
827235805
498118718
971492364
88926331
33742547
909167553
80938452
959808346
383623719
826676969
277650107
10814351
675900133
969987892
561830940
962152566
651043030
637761756
623700901
150467202
48207914
793781148
206070126
251964535
72812344
644345143
569694373
789306982
899529987
838365281
508606731
246209263
282091157
992336847
790712477
475546627
429574102
358115899
358599940
842102071
814735334
340152890
232924518
680626230
530584081
580963581
420539487
51620858
858264031
370497244
417508101
639416120
524318002
92231156
579979226
715388256
434760382
219692922
907808193
144446017
890630808
475625755
591002446
463711328
161297076
656636363
624722919
266409023
923203050
201276514
94357296
390624410
118054665
377774856
605200156
677508300
128153442
318687645
980782275
833588533
517212529
623092514
861148108
302731178
199561292
592903614
589002447
890188388
728213299
611901475
971589654
853502384
369352388
457063023
867316863
498604454
402697379
885671069
574525457
119613422
774649019
622423554
242847049
174433553
21779250
391973453
40298773
328681110
354113689
314688602
961628428
847125632
853238706
893160394
4046961
661871260
22146427
764217209
61404947
69632
853238706
221531503
304034688
232608805
955752867
218994701
233880279
723331393
866942042
18152921
845477267
831115516
138501744
934775359
54525952
994097725
228612134
294480074
516969614
771306470
279055147
651043030
517392770
168285592
75415040
558907752
563133506
137169635
468882337
199673316
309921790
572438384
115367136
212202385
64888256
853222652
285548045
968225517
243051382
933655613
469959691
633321093
240734655
331771122
58695488
306557560
526683910
279864091
371583496
434090272
986622719
837341365
713483315
764838394
700899664
463557500
317082902
29140040
204165538
127365723
76319865
716281929
524587702
997740915
56111030
72158551
606168921
99366246
878822
14632136
613736854
15514016
690298859
406703278
17757155
424773061
719346365
831506592
180261966
130342533
182320497
37822502
456165627
292603808
278908128
857487690
611398200
663997697
975906006
412214845
727347210
141777629
129537912
606593417
840547297
871623321
317941284
962434747
53248254
541028816
139494311
93421132
836919794
549216468
234939476
785405112
480672505
12039818
234881024
851682743
698653025
752793336
411367998
630511938
48391136
650321030
143695672
152455607
186974734
640545307
70071765
904105734
630958659
192249978
52187658
819014577
434788522
19671324
287568903
597526107
70503110
244356609
37099756
686100949
815883021
642794991
94938645
524991877
484509094
311297458
426579676
739757232
19917948
107757975
605404558
361675472
284209580
881299521
940147493
287680954
50719697
7157316
271955769
229485057
297329491
619119688
633700952
702056815
771041649
673329666
394639974
961499074
363751739
133094332
34362328
292482139
260691960
181601172
212638824
347452403
616612625
177651597
416135416
31190324
651270687
217583596
529020668
348617599
893104201
9504166
808867747
853731446
928902673
824803050
495617077
717072803
587827829
401717078
592637821
60371660
784785600
808867747
929107697
579679929
625558393
148258755
381074980
254120126
258839679
172820731
238783063
630625075
31463339
833934884
85400156
181736272
694518405
331863005
436783846
47778886
638689353
242786082
226766597
440090807
853511234
705447201
603166971
532328474
762452904
665794123
174515279
524621584
448604852
819380323
256904604
895077917
560849820
231527402
121685796
590664850
93512407
587097953
872684623
797343797
795385371
106915540
399444814
885863289
752444552
958458567
218941352
941378928
300251975
839433117
509217027
69128213
947150113
192701478
226157103
114158791
144660033
75789238
47217086
489457328
786684535
643075858
180992486
5
180532438
412953191
540882974
137259911
18568386
623376565
380451547
690326790
204771426
562976140
275987169
636515592
4027554
549439399
671369314
684120488
343944211
877424179
733697173
200478274
299845203
898708242
700262354
673251901
48033553
180992486
930891260
985637577
606478345
87896621
2307593
121531679
57107117
282391962
500077164
939134109
829837293
398776109
231603145
797453293
162869872
861176693
500697622
86520776
235477901
295723471
703664791
761715141
672265819
389340068
292284624
461555558
750613361
22736233
732018629
517822192
661328535
60931663
496015638
196601949
293978619
941408580
403226089
7585032
711471862
526683910
593710741
452826116
107844118
998879760
340156174
144283575
722403753
548514803
644344719
929926901
32017039
25636985
8788425
719679916
375189140
392721803
69663293
228949449
155753872
702696632
651417492
179660732
507216998
513521203
149042633
368391090
344271941
189603688
817693855
363471854
62543794
919149603
974312405
805029343
733152318
170097090
893381571
217541399
5743438
451515354
499559838
369473418
428821538
445320492
675186197
439304828
166680551
244583281
947213747
701136597
454795414
357512078
958695311
819014577
891523840
356548206
426012270
287610689
577486180
381345403
947805137
257348692
63623672
489177716
862309302
865489082
667683923
907298374
452882733
507322086
367195009
81643734
156180835
79070988
569044353
554442855
384155810
276710597
944805841
384924698
141732303
77223539
357572324
576184158
705973853
233629865
337447791
409804030
46662787
212231536
740342394
583940223
698856956
251218835
998936750
165300734
144303587
937073365
42587255
547821798
857162677
237956931
773791902
161031288
200541189
726139026
271735221
158921476
534742707
869175135
73213994
577512074
675494876
899128237
221280606
728839092
152357647
635001060
726584926
670304965
565785202
322608583
719679916
241052331
860431543
310698216
562834285
649128832
960267104
389090172
411022532
316911977
635474916
294967268
970296279
540835770
86208434
103314799
803044645
462236314
142620248
785331742
723950352
46899039
194865163
120781274
557894455
285034716
165176745
755164785
619550578
337516462
813954334
737927198
850159118
410396747
219044564
311909927
704757634
759251838
972889823
981534667
782386082
727268021
845528626
694010038
905182797
991945662
981449297
80093668
345379965
157614127
256223188
809758927
708689933
709490369
311296
530387529
280915203
605262922
250628230
382623691
537085379
44260684
550891149
216978411
394039513
121618854
384155810
949027320
727417741
965249451
510503804
845588307
297483208
496106155
782891160
17652806
953781763
121116296
33803529
772318128
984936848
918108780
794336165
148969064
216045765
645344828
434758671
591527602
919178149
304907472
180210726
41750122
479092514
998362569
936395353
601714624
597992483
284255022
796868203
935426349
514696771
875782423
177096840
531289159
926340095
579170142
971356059
859880603
381703105
544145955
795217800
286781166
357167757
531813723
286781166
837274061
704
123972313
929670825
331370937
522749216
406655138
556675032
588969834
675190088
747547490
545676531
685882168
318564966
311113613
930226733
676083346
235698784
749973413
661327871
556896981
852554461
545011661
493840483
177362125
483234433
775706932
368471663
930829596
400387108
41854008
816334531
598353596
465853152
862020595
788642573
939354158
906430983
69923038
680980387
476107350
938372871
210475185
858680654
507572747
409976599
371033197
33983829
163182405
842063693
953946900
402467698
465574790
376054744
285176460
851062005
245592031
470210707
815941812
446184811
689061415
691664548
659449030
480848440
318738465
166077426
500266028
731907286
931390495
144
594182694
339535442
633435190
177636995
403275630
817677899
209376949
321078091
462995485
487998964
135901903
563584890
836985265
283560902
536006782
327817694
292708039
218060490
403967818
377025038
838365281
111590173
926340095
793821061
830395232
76676811
853511234
15651454
231953619
134535451
505683880
635125193
974150811
649128832
940329444
450558693
817725359
432404036
216640551
828141539
750953364
923196362
317260733
530098832
798193604
913431357
616896009
27775729
792341847
828046283
156636878
994529342
201097055
913497362
106109536
198655060
152214977
261513004
610587804
497053412
985486400
322508695
852376092
923421979
770267335
732529467
258712864
109202337
498892910
797853537
425235564
999959789
25756868
517957143
649579762
924485815
202795029
315410778
73147907
256623556
363466887
770980416
175059962
641590864
975206789
344929589
541758372
617320508
596405601
7168
491332363
614414617
963472955
116574217
272157059
27874538
572550096
732540329
402524011
477372536
904780165
933304662
408209645
288345008
222285604
809138639
679865724
103648541
453211055
890122442
14893486
744345391
346604030
652279312
355516802
870547136
949889189
281203141
322669975
839412810
242290851
15635432
33327241
794123550
436543114
730988136
250246043
618088191
436667392
943475369
884739250
644568396
863551771
399277275
287838505
630294428
946029996
906029239
844832808
559144666
703821831
785505350
422217173
302271770
96875856
81301489
399874185
409730846
765107143
375715480
288094243
705009342
788061145
30724540
508298652
553721317
537456035
155065483
825798404
325330155
662952807
791251975
850892098
746494786
469093365
626744073
79367581
983133643
907363891
828141539
366502362
88455700
896735177
238582473
698657874
328479438
909347580
810098504
958146412
408954317
809921844
947886221
754431352
981632900
617257976
407338332
173037104
289685937
529987911
759572660
465771545
707725228
412570712
58770812
338402320
913788846
360377764
423214101
464429631
177796584
931404834
294707350
935761356
777023460
377732815
997896764
494319581
375715480
361735043
760353182
776406910
971668947
822673585
620569619
671387624
408656743
944941091
518020264
821590456
972680787
956501392
943053218
409870639
16532978
647138745
582783223
751909003
13142750
219869906
950232343
28
802371757
764205569
1361164
305762703
306839909
52347555
747805738
698642515
1375246
146006485
222830854
352927992
640428582
648121617
920638608
117268864
500457851
801060720
465953027
426615232
243467087
136436442
776727765
15422960
309410789
952313721
466922076
687110763
416561618
155017734
759991559
901353004
103915432
132851328
696546286
492197165
490233680
598891903
877284482
609989825
175423856
804807935
703731411
575791947
825466914
888996625
982102183
828046283
247794966
107347245
565685435
526202917
213985145
611764619
150406959
29255425
833417876
701674962
32736677
59116528
171793451
33431249
596390429
733653673
46399636
547821798
160892820
295352405
739339685
25642623
35213592
864614350
886919348
194631195
825801411
29750224
936860680
129757603
616794639
333163666
192293785
671387624
542178029
592864456
528443022
843371212
574828701
237924858
424292053
596390429
66065259
971376160
584965781
620950265
792742877
630545847
349171274
28
984472725
331474313
392401294
923356783
14893486
479019211
532550436
326473190
295827076
759016306
881438718
779103476
78304927
468306223
903366779
529869934
274469054
134100849
380836216
739655044
606478345
71165265
15461789
27775729
872497408
668870216
738177979
76222549
348582467
271870539
831365937
268014768
893986065
672017908
682866310
897687950
344499841
361381539
212264506
420356488
505687873
208052328
156389766
846262382
168812413
575883989
882462220
264690049
212202385
476223563
768212643
54265860
376007546
644324482
132324353
929743609
370274400
264577740
998441803
303194671
146286855
284255022
186726737
265685672
801090089
719943919
398989446
64715693
132383594
157614127
598891903
519189877
528724018
218941352
834025658
527982399
299815025
417510000
733569656
726956119
248208647
757805690
23613317
257414584
852931828
890277437
297290116
247727277
571935883
292904825
363388740
648121617
871653925
471416534
47217086
84640659
443771199
510093154
425245312
17947676
75733731
236728423
448335181
712278784
555156070
786701166
709024131
4287034
961305955
924363860
180280820
565618519
729757085
412598719
759251838
937203262
973984862
62543794
807726098
166908907
579664981
894197157
917650286
191856521
393437602
478114823
478004470
990646425
9034198
411517508
15176852
376625496
323991448
902963336
141560088
405637185
530246881
746682416
14732339
110841345
946213001
662816679
522579094
897205290
329699303
781113017
143990284
247850996
170076866
853196309
214924959
611398200
872644985
482846313
31926188
658659177
49297166
244093509
365381138
614257437
142438402
223434234
677120355
807608280
772379452
920483785
49271783
515233900
929569919
104522924
81159718
205553976
642783726
368740551
786253034
509612026
511814676
887857721
229541028
777122463
466316305
604681308
886237368
682866310
692481638
894584334
243942740
259530496
196547954
801638870
491567438
218941352
386239046
792451316
756061439
269736600
793662259
30291991
633117331
471873521
590403776
241195887
963878106
38465531
825448175
435149931
57713342
348111264
379006693
506819366
454585392
70176341
390601036
397980682
4262681
963472955
661327871
46565222
253461019
962163200
347080182
451770438
408137982
743033562
531144261
682396589
538301134
765690076
877691064
855560411
344270387
61767192
328343714
524621584
85141832
691180725
402358166
608460142
960066979
256476895
920686588
698512992
733857425
345309085
858297727
101432113
197285111
735233267
708986980
44898000
187883904
168800319
109817415
19200481
544122522
958329455
725680863
873031081
651270687
739339685
867395850
25423350
861307502
746682416
955068805
501686333
766916944
71866480
622462065
676331997
389074044
386966470
201309153
300001607
315852844
223649737
959380518
532441762
515382019
700415690
51185025
257057597
21050274
462155599
641192471
98216295
699942539
113109909
222383627
606573558
499596967
683789874
121135758
702246724
298888655
581035145
667031128
551636249
645930341
499523912
721008820
328343714
618036804
196547954
710822754
69022148
645336157
539633455
156806174
426680351
884977575
204711019
71352465
16115241
374509463
524318002
402823566
276231929
974671733
525875451
187913363
701988121
899457754
872438644
12208075
229331716
163685618
241602843
380932021
917971424
588154750
812924647
771368229
227028338
929097201
253278053
118364243
363915208
714400690
696753507
451131738
902926363
405848948
839412810
739282785
817047266
533348671
256016831
837306319
784959303
700350987
769731034
466148909
121958213
437979116
269258233
97505335
858741079
369215981
168832417
347975418
251964535
698642515
880329434
177577554
671544654
708986980
718298126
745321573
179311830
945095056
72812344
921403347
646081193
193408708
129396362
498604454
284209580
526202917
647964743
543962631
129279183
705009342
651043030
225649363
239302518
176570581
182119854
974239199
725094630
618187380
952513775
128216361
223931111
872684623
800100396
833588533
222108183
832680674
334364612
428821538
584821233
421812358
809921844
373354455
880329434
530531537
58209640
426579676
995625863
514696771
302598855
770300253
867294033
441618426
409106722
111776904
487754793
808813057
832680674
562685274
79548247
947299485
917817568
205806293
605756261
128093088
154238108
308550172
759812203
862807917
112217388
258637549
800323293
517247682
817572945
616525004
242529132
666606877
774061353
385156345
74730911
560863549
230944993
841347508
436543114
867395850
241678717
250246043
621667435
78672603
239251818
213126930
492111706
160775460
769631097
644030080
98019512
996204523
527888633
131685936
161967401
2970030
467445047
969512724
431577846
327111758
892379745
556449669
753915178
940156669
686347653
144309078
412663864
687816534
84189219
112341973
535350628
784320510
588634280
720947444
635191809
384674960
484025515
535494932
451603706
177012886
576731724
503798960
218988950
101582549
637554690
233210696
790931166
585725319
716306559
635737857
43159221
910606077
850831185
347383102
244913037
401801794
191092582
165005343
818094395
725549535
382572400
675900133
917231966
499701833
355020191
291904291
354059896
545011661
503798960
725006454
851528530
441706722
509397531
949233614
65922610
708986980
565998589
109171757
207887793
218720222
520716662
563584890
12582912
108157225
55382469
443899881
696208065
76593991
356801250
672898976
747740786
204804500
300046839
183222107
841705319
654501151
591897388
361978143
543868635
32312738
681960636
375586483
606599941
163923028
797252444
933843998
559144666
901290387
396727769
144309078
860080805
419187109
185880347
794904652
449852298
466896979
161641028
866670675
584401029
6072177
866262987
480550657
670304965
164688009
496106155
892206883
536724997
14033475
371033197
501865448
811893878
905588119
375400588
377247779
121948889
22903574
31566271
26442403
937454962
46399602
28373408
792315891
108189017
539805324
18133037
21087715
763936000
461188299
159234128
176406749
728589336
366502362
376625496
612498840
806770947
308680930
958367922
567854783
857032563
256181959
576351391
146238116
837888416
400388797
848001639
157072878
915293146
250271612
138082253
816421781
389326262
4060648
360254304
944141572
791069235
562816659
421812358
344618606
795633999
845558143
843960740
95063129
382491395
7804582
623773407
455955581
596749773
268899590
421760536
309569495
437468657
739538840
238853525
259652809
951402862
170495688
352934130
922393702
189656987
812973043
949082166
807749391
968936461
483108915
902092615
766514217
534873554
107885728
184574932
740082787
446102250
489457328
923203050
824092723
848830855
938854391
344270387
311070836
684696765
115407046
171169262
218226010
506735446
564307321
496835872
684710920
512174798
994601631
644344719
384001789
188234842
772379452
469165601
862807366
267205504
15681797
380235350
131887522
213292116
889214273
114158791
202225130
226482883
690510001
423290337
665308619
803056609
276181929
861234698
355587459
941453925
471750977
525324768
709840729
352011508
475049975
167436636
630102205
754262071
394296606
404186581
945890831
728534066
161367567
558634597
537983906
794545539
243544020
844693472
212946846
210774926
644070907
61596082
410649669
811983754
150735389
77984459
847095273
809941426
83413617
734773674
15635432
135855651
165274516
661359081
74028745
18939403
645406169
80637380
722336691
465853152
676083346
181932170
381701448
57735905
177851748
929492687
513521203
396732427
722759714
843794817
577512521
590904176
692491210
555940677
656647112
989045355
422102918
998932896
467848078
112027163
750855798
625056352
27227748
682629636
329393400
37075640
199635359
532806419
359794728
829095342
919139474
593864901
90995858
206214087
282869828
380649459
450570549
664697806
465968884
450028199
253273846
400320850
799448193
698856956
462300698
370757748
158921476
564306058
616649448
820587569
375189140
850457426
50390685
646568172
805406526
351064843
797976356
145534401
259712674
410695254
549326854
566157697
669605040
658659177
26214400
632017445
567522746
760076470
271735221
301206626
306595560
227869636
27173852
595889868
526095573
832241490
931036622
678127854
749011578
485166503
397329674
572755234
839767162
491932320
414579543
781139824
704086362
325515596
523664713
571326839
599932849
320490148
435728526
258712864
655037595
994097725
819425639
164906321
305303585
626260835
158745137
592469171
338794731
68888049
725778313
720947444
411027741
667122282
874195530
858655594
885771361
234476763
888878616
677385593
778217381
648255215
895067395
330731618
514235635
31685487
103157110
973020174
109572196
656743639
338769958
505242242
968317206
965177215
141777629
861382429
966218284
149371484
356045481
304034688
209038794
311838765
459930063
44263844
258622452
13533152
756241158
309917181
149833246
269717997
986344219
421070889
151221751
460363629
965323407
553336843
570732781
809980442
583700955
854660451
434420672
737326172
143041209
390275785
827447806
47778886
822600904
668820929
838299251
365526445
217277525
549341695
417510000
487029081
540109937
421407364
837414690
519995717
867178252
279155438
548858592
107052635
857032563
531670342
269681196
157614127
233247802
334767828
194560936
335459566
487998964
801779988
264745692
66148180
373065382
478151594
919149603
472687577
798351405
931901573
578535429
117130045
39804847
107036705
259574160
715671058
933175377
297815500
853238706
93204947
500435718
686951085
170068006
560986757
322138023
228024492
709752088
89343916
676772045
277951032
165470059
691110587
148737662
94071015
86021262
713691838
838887038
408090876
133558381
571104980
766290486
487842234
928986391
821594279
648487376
850039990
528076509
268701524
528882857
573695718
198491416
420356488
133355796
144689306
161458365
655338265
542667233
764205569
349674412
804500511
950642473
647527078
162804618
613525527
826265081
662633488
241052331
991971421
228314675
618046996
625879994
469194822
804003760
828745607
756265164
122012946
166815014
683110476
957208325
339662095
834653767
419362847
820608096
289826003
346725084
666407931
143301744
466204778
858277537
473823460
440033678
592126015
616505630
410192307
544694890
448244882
381113361
564336522
252270889
206353711
833284917
567673748
283646588
962064338
581899424
22835890
156180835
592918981
170034260
211524584
441860526
678656071
975692550
795385371
279055147
230692437
802890004
441410738
920106045
863665744
852341466
611698539
273856702
13533152
771041649
397402731
137635539
689153050
790712477
318315505
932339669
616365950
204807060
32703760
277944822
364396398
409541342
444453565
998858
658020053
368471663
600206393
402467698
250284174
560897250
366650090
70084994
922660194
124868987
833323088
599335881
352241594
291113667
484022746
448742253
155114941
476814625
971136307
860077002
945067423
77169658
64114735
320490148
92903030
590326353
125658717
841347508
647527078
799696139
851062005
342359954
240575030
759517877
511454861
699443095
77593073
373378971
296059664
264294478
318788086
306557560
218551719
494829777
429120854
124868987
239915248
137439402
568411515
638664486
892274156
417977193
768868163
866120121
139640296
348601666
615688055
859320596
446986634
455730156
605483899
879480188
34163657
588461268
32178352
808487413
951525210
399852891
975362583
6029312
198064851
764217209
739339685
497363822
351297200
705587148
609452872
66065259
154524978
570341155
447416483
615359336
278917865
272427081
525258326
283355518
901462796
493266721
879421145
622947647
428964432
536006987
129537912
65922610
539853267
273370224
829326991
199673316
35250071
808093170
367016810
988367044
326767445
457358220
616456773
31729303
116318522
576048099
75543509
809324989
786928404
273582682
824803050
117308039
325650954
513922080
841509152
197265835
600434776
816519477
756028078
337533109
22513586
69663293
215516749
617485744
707216883
751822824
265985185
47439606
733044701
264294478
474060942
690077571
718018102
700867754
73315039
297815500
278106272
457332469
866942042
500729161
849770542
112479301
858810723
913461150
892029308
344262944
560476534
197035697
871782851
748980430
185989669
786094023
445501554
117159667
152296318
776867479
486539264
318924877
109984474
623700901
341388459
792212844
386201646
819922822
369705479
282331939
384619011
294262929
550195298
292003818
995187243
516151903
181123812
203573060
410192307
451496091
566108122
250569990
154879517
906979635
826422774
379482984
300200979
947150113
434610599
650321030
594250956
443089077
280871838
695194939
625673951
14413330
35889656
455530346
20457210
377821620
10916649
438778730
617192361
673329666
471764846
66996009
182320497
858039878
30489180
97896901
27227748
764385377
509280772
301206626
947197476
684353959
233514294
141353991
17891968
8326695
937688645
766692506
945416686
28007447
882193826
462220066
894613217
997359780
356159866
416816612
163508105
174082341
703522376
960079061
885176947
187216153
796243430
148174842
981204130
741564268
72158551
376440947
429218467
914244812
921006454
748420943
435262568
430724808
698647088
926053301
799161966
527235732
914935515
335092570
422803560
938747104
287216521
836063788
509280772
99222423
341837041
700899664
577512521
73213994
428152315
596390429
675992449
883383304
823823635
685995959
181090835
22918645
963182040
161031288
738177979
44591682
826310165
985441732
762609909
305291131
512305978
165523872
145804127
531828475
971036494
5022578
526241485
351929960
10368763
884671359
197932709
810199076
999373971
128391930
576351391
981204130
26442403
20081348
276807426
80989902
612852443
468156957
196035092
731860782
695870348
8273839
231179516
250677634
722973005
780860872
576803392
41005881
166665230
811711840
439069501
703762811
273217430
232686276
575238535
584095690
484396179
31288898
887744557
344929589
291820402
113299035
60170124
745882127
338172939
196921329
125978937
534337977
967062162
953660806
568677501
982102183
935068308
617973005
728562381
17154904
156320344
461548218
343957424
555319167
438438062
344618606
474797448
369068252
710952845
128216361
140515776
673661870
215285007
942567717
763069351
706424155
128216361
123365045
290995589
311778177
801668860
903629767
795610253
528335857
252374621
56306204
444078828
623547571
860772362
323126553
13225162
321267018
12582912
212030951
523484926
282449743
754580275
627821639
942821453
511451610
269843997
344535104
983790628
124920359
813881222
503748358
775522808
310977447
171359180
678783389
303968858
308990686
952176377
655038903
293710532
198983498
246914864
75396
795385371
28274279
259712674
206353711
443771199
368251709
277012292
971701331
205110868
498526457
752815488
616174424
518867691
478606301
51932651
880492922
785630361
955340391
789109926
677130797
4234695
903324687
447904454
670767740
206353711
272670031
418413909
95369342
947902624
965431711
999373971
648606652
238101063
707996879
6632953
620778208
722547230
911307897
588108887
240480505
826310165
815076334
611698539
283201395
279792110
330450272
348549773
436142502
990044537
787678178
571905907
916865985
157072878
588739341
576608693
485025403
365799029
731892358
861775022
845528626
168832417
12023906
336896942
754666005
631301130
661328535
467286073
956890061
703731411
144489216
874588941
98413150
200793287
477462028
391082146
930022782
671477244
144520378
713483315
820197290
699214122
370757748
830626059
842933273
86676402
497363822
858369992
748115219
257099111
999187441
249761009
255617595
7983983
31273653
277557062
690863785
771476577
96656711
308755279
369784798
975321671
131264265
601236051
590331914
890161462
66265912
239118940
498604454
513385191
875381973
705797929
666617384
980616133
265511901
423047830
906546653
739759958
619119688
429306139
66060543
31167192
476771396
338069712
776727765
735927675
279155438
341694330
509280772
5743438
455968889
960162183
258774064
753465814
162626655
305812984
552031287
815860121
350029919
311111326
467404690
350633556
565998589
189189886
952598349
82952383
971217491
779272504
408049314
514436416
256102224
43746357
811244530
793561743
975602182
819687420
154136345
683668372
943452833
564609345
620684581
906559758
418948166
883160972
547967563
397979759
812641222
268395868
92738491
749915859
194672119
154926964
51475987
191442396
107757975
626326650
67844151
921613651
972496925
283897159
739759958
186418614
200242543
787479596
139203584
650642824
493900064
814073927
203253842
443089077
910804937
885403269
197237840
740803714
933935573
584401029
854114854
447513069
174166442
415570926
907015886
874205478
478411757
325330155
468212231
64
35801753
513521203
939723185
924032795
758344191
232874195
402480954
866727468
709123703
282444814
651559312
